#
# There is insufficient memory for the Java Runtime Environment to continue.
# Native memory allocation (mmap) failed to map 65536 bytes. Error detail: Failed to commit metaspace.
# Possible reasons:
#   The system is out of physical RAM or swap space
#   This process is running with CompressedOops enabled, and the Java Heap may be blocking the growth of the native heap
# Possible solutions:
#   Reduce memory load on the system
#   Increase physical memory or swap space
#   Check if swap backing store is full
#   Decrease Java heap size (-Xmx/-Xms)
#   Decrease number of Java threads
#   Decrease Java thread stack sizes (-Xss)
#   Set larger code cache with -XX:ReservedCodeCacheSize=
#   JVM is running with Unscaled Compressed Oops mode in which the Java heap is
#     placed in the first 4GB address space. The Java Heap base address is the
#     maximum limit for the native heap growth. Please use -XX:HeapBaseMinAddress
#     to set the Java Heap base and to place the Java Heap above 4GB virtual address.
# This output file may be truncated or incomplete.
#
#  Out of Memory Error (virtualSpaceNode.cpp:113), pid=33944, tid=21792
#
# JRE version: OpenJDK Runtime Environment Temurin-21.0.9+10 (21.0.9+10) (build 21.0.9+10-LTS)
# Java VM: OpenJDK 64-Bit Server VM Temurin-21.0.9+10 (21.0.9+10-LTS, mixed mode, sharing, tiered, compressed oops, compressed class ptrs, parallel gc, windows-amd64)
# No core dump will be written. Minidumps are not enabled by default on client versions of Windows
#

---------------  S U M M A R Y ------------

Command Line: -Djava.net.preferIPv4Stack=true --add-modules=ALL-SYSTEM --add-opens=java.base/java.util=ALL-UNNAMED --add-opens=java.base/java.lang=ALL-UNNAMED --add-opens=java.base/sun.nio.fs=ALL-UNNAMED -Declipse.application=org.eclipse.jdt.ls.core.id1 -Dosgi.bundles.defaultStartLevel=4 -Declipse.product=org.eclipse.jdt.ls.core.product -Djava.import.generatesMetadataFilesAtProjectRoot=false -DDetectVMInstallationsJob.disabled=true -Dfile.encoding=utf8 -XX:+UseParallelGC -XX:GCTimeRatio=4 -XX:AdaptiveSizePolicyWeight=90 -Dsun.zip.disableMemoryMapping=true -Xmx2G -Xms100m -Xlog:disable -javaagent:c:\Users\YNC10\.vscode\extensions\redhat.java-1.50.0-win32-x64\lombok\lombok-1.18.39-4050.jar c:\Users\YNC10\.vscode\extensions\redhat.java-1.50.0-win32-x64\server\plugins\org.eclipse.equinox.launcher_1.7.100.v20251111-0406.jar -configuration c:\Users\YNC10\AppData\Roaming\Code\User\globalStorage\redhat.java\1.50.0\config_ss_win -data c:\Users\YNC10\AppData\Roaming\Code\User\workspaceStorage\3d0d5f10d355c0388c649a7a5353bc32\redhat.java\ss_ws --pipe=\\.\pipe\lsp-d823e5e0c0c15a056601a9eddaa0890c-sock

Host: 11th Gen Intel(R) Core(TM) i7-1165G7 @ 2.80GHz, 8 cores, 15G,  Windows 10 , 64 bit Build 19041 (10.0.19041.2913)
Time: Mon Jan  5 15:19:40 2026 elapsed time: 1.240510 seconds (0d 0h 0m 1s)

---------------  T H R E A D  ---------------

Current thread (0x000001fa91cab970):  JavaThread "Start Level: Equinox Container: 563024ac-3537-42d8-a4ae-cb792e46e814" daemon [_thread_in_vm, id=21792, stack(0x00000046c6900000,0x00000046c6a00000) (1024K)]

Stack: [0x00000046c6900000,0x00000046c6a00000]
Native frames: (J=compiled Java code, j=interpreted, Vv=VM code, C=native code)
V  [jvm.dll+0x6d6e29]
V  [jvm.dll+0x8b4b76]
V  [jvm.dll+0x8b712e]
V  [jvm.dll+0x8b7813]
V  [jvm.dll+0x283d86]
V  [jvm.dll+0x8b08be]
V  [jvm.dll+0x678824]
V  [jvm.dll+0x1e80ab]
V  [jvm.dll+0x1e7e6e]
V  [jvm.dll+0x67b122]
V  [jvm.dll+0x67af52]
V  [jvm.dll+0x6791fe]
V  [jvm.dll+0x68a3bd]
V  [jvm.dll+0x68373e]
V  [jvm.dll+0x3dcfc1]
C  0x000001fa3e2ab91b

The last pc belongs to method entry point (kind = zerolocals) (printed below).
Java frames: (J=compiled Java code, j=interpreted, Vv=VM code)
j  org.apache.felix.scr.impl.logger.InternalLogger$Level.<init>(Ljava/lang/String;I)V+0
j  org.apache.felix.scr.impl.logger.InternalLogger$Level.<init>(Ljava/lang/String;ILorg/apache/felix/scr/impl/logger/InternalLogger$1;)V+3
j  org.apache.felix.scr.impl.logger.InternalLogger$Level$1.<init>(Ljava/lang/String;I)V+4
j  org.apache.felix.scr.impl.logger.InternalLogger$Level.<clinit>()V+7
v  ~StubRoutines::call_stub 0x000001fa3e2a10e7
j  org.apache.felix.scr.impl.config.ScrConfigurationImpl.getLogLevel(Ljava/lang/Object;)Lorg/apache/felix/scr/impl/logger/InternalLogger$Level;+148
j  org.apache.felix.scr.impl.config.ScrConfigurationImpl.getDefaultLogLevel()Lorg/apache/felix/scr/impl/logger/InternalLogger$Level;+12
j  org.apache.felix.scr.impl.config.ScrConfigurationImpl.configure(Ljava/util/Dictionary;Z)V+93
j  org.apache.felix.scr.impl.config.ScrConfigurationImpl.start(Lorg/osgi/framework/BundleContext;)V+43
j  org.apache.felix.scr.impl.Activator.start(Lorg/osgi/framework/BundleContext;)V+53
j  org.eclipse.osgi.internal.framework.BundleContextImpl$2.run()Ljava/lang/Void;+23
j  org.eclipse.osgi.internal.framework.BundleContextImpl$2.run()Ljava/lang/Object;+1
J 1140 c1 java.security.AccessController.executePrivileged(Ljava/security/PrivilegedExceptionAction;Ljava/security/AccessControlContext;Ljava/lang/Class;)Ljava/lang/Object; java.base@21.0.9 (65 bytes) @ 0x000001fa36f39344 [0x000001fa36f391e0+0x0000000000000164]
j  java.security.AccessController.doPrivileged(Ljava/security/PrivilegedExceptionAction;)Ljava/lang/Object;+9 java.base@21.0.9
j  org.eclipse.osgi.internal.framework.BundleContextImpl.startActivator(Lorg/osgi/framework/BundleActivator;)V+9
j  org.eclipse.osgi.internal.framework.BundleContextImpl.start()V+141
j  org.eclipse.osgi.internal.framework.EquinoxBundle.startWorker0()V+35
j  org.eclipse.osgi.internal.framework.EquinoxBundle$EquinoxModule.startWorker()V+4
j  org.eclipse.osgi.container.Module.doStart([Lorg/eclipse/osgi/container/Module$StartOptions;)Lorg/eclipse/osgi/container/ModuleContainerAdaptor$ModuleEvent;+200
j  org.eclipse.osgi.container.Module.start([Lorg/eclipse/osgi/container/Module$StartOptions;)V+460
j  org.eclipse.osgi.container.ModuleContainer$ContainerStartLevel$2.run()V+83
j  org.eclipse.osgi.internal.framework.EquinoxContainerAdaptor$1$1.execute(Ljava/lang/Runnable;)V+1
j  org.eclipse.osgi.container.ModuleContainer$ContainerStartLevel.incStartLevel(ILjava/util/List;Z)V+193
j  org.eclipse.osgi.container.ModuleContainer$ContainerStartLevel.incStartLevel(ILjava/util/List;Ljava/util/List;Ljava/util/List;Ljava/util/List;)V+19
j  org.eclipse.osgi.container.ModuleContainer$ContainerStartLevel.doContainerStartLevel(Lorg/eclipse/osgi/container/Module;I[Lorg/osgi/framework/FrameworkListener;)V+358
j  org.eclipse.osgi.container.ModuleContainer$ContainerStartLevel.dispatchEvent(Lorg/eclipse/osgi/container/Module;[Lorg/osgi/framework/FrameworkListener;ILjava/lang/Integer;)V+32
j  org.eclipse.osgi.container.ModuleContainer$ContainerStartLevel.dispatchEvent(Ljava/lang/Object;Ljava/lang/Object;ILjava/lang/Object;)V+15
j  org.eclipse.osgi.framework.eventmgr.EventManager.dispatchEvent(Ljava/util/Set;Lorg/eclipse/osgi/framework/eventmgr/EventDispatcher;ILjava/lang/Object;)V+48
j  org.eclipse.osgi.framework.eventmgr.EventManager$EventThread.run()V+26
v  ~StubRoutines::call_stub 0x000001fa3e2a10e7
method entry point (kind = zerolocals)  [0x000001fa3e2ab740, 0x000001fa3e2abb08]  968 bytes
[MachCode]
  0x000001fa3e2ab740: 488b 5308 | 0fb7 4a2e | 0fb7 522c | 2bd1 81fa | f501 0000 | 0f86 2500 | 0000 488b | c248 c1e0 
  0x000001fa3e2ab760: 0348 83c0 | 5849 0387 | c804 0000 | 483b e00f | 870a 0000 | 0058 498b | e550 e901 | afff ff58 
  0x000001fa3e2ab780: 4c8d 74cc | f885 d20f | 8e09 0000 | 0068 0000 | 0000 ffca | 7ff7 5055 | 488b ec41 | 5568 0000 
  0x000001fa3e2ab7a0: 0000 4c8b | 6b08 4d8d | 6d38 5348 | 8b53 0848 | 8b52 0848 | 8b52 1848 | 8b52 7048 | 8b12 5248 
  0x000001fa3e2ab7c0: 8b53 1048 | 85d2 0f84 | 0700 0000 | 4881 c208 | 0100 0052 | 488b 5308 | 488b 5208 | 488b 5210 
  0x000001fa3e2ab7e0: 5249 8bc6 | 482b c548 | c1e8 0350 | 4155 6800 | 0000 0048 | 8924 2441 | c687 7104 | 0000 0148 
  0x000001fa3e2ab800: 8b45 d848 | 85c0 0f84 | 9100 0000 | 8b48 fc85 | c90f 8886 | 0000 0048 | 03c1 488b | 4808 4883 
  0x000001fa3e2ab820: e902 488b | 54c8 1048 | f7da 498b | 14d6 4885 | d275 10f6 | 44c8 1801 | 755d f048 | 834c c818 
  0x000001fa3e2ab840: 01eb 548b | 5208 49ba | 0000 004b | fa01 0000 | 4903 d24c | 8bd2 4833 | 54c8 1848 | f7c2 fcff 
  0x000001fa3e2ab860: ffff 7433 | f6c2 0275 | 2e48 837c | c818 0074 | 2148 837c | c818 0174 | 1949 8bd2 | 4833 54c8 
  0x000001fa3e2ab880: 1848 f7c2 | fcff ffff | 740d 4883 | 4cc8 1802 | eb05 4889 | 54c8 1848 | 83e9 0279 | 8548 8b43 
  0x000001fa3e2ab8a0: 1048 85c0 | 7420 8b88 | cc00 0000 | 83c1 0289 | 88cc 0000 | 0023 88e0 | 0000 000f | 8496 0100 
  0x000001fa3e2ab8c0: 00e9 cf00 | 0000 488b | 4318 4885 | c00f 85b0 | 0000 00e8 | 0500 0000 | e999 0000 | 0048 8bd3 
  0x000001fa3e2ab8e0: 488d 4424 | 084c 896d | c049 8bcf | c5f8 7749 | 89af a803 | 0000 4989 | 8798 0300 | 0048 83ec 
  0x000001fa3e2ab900: 2040 f6c4 | 0f0f 8419 | 0000 0048 | 83ec 0848 | b8a0 cfe8 | 8cf9 7f00 | 00ff d048 | 83c4 08e9 
  0x000001fa3e2ab920: 0c00 0000 | 48b8 a0cf | e88c f97f | 0000 ffd0 | 4883 c420 | 49c7 8798 | 0300 0000 | 0000 0049 
  0x000001fa3e2ab940: c787 a803 | 0000 0000 | 0000 49c7 | 87a0 0300 | 0000 0000 | 00c5 f877 | 4983 7f08 | 000f 8405 
  0x000001fa3e2ab960: 0000 00e9 | 9855 ffff | 4c8b 6dc0 | 4c8b 75c8 | 4e8d 74f5 | 00c3 488b | 4318 4885 | c00f 8412 
  0x000001fa3e2ab980: 0000 008b | 4808 83c1 | 0289 4808 | 2348 1c0f | 84c2 0000 | 0049 3ba7 | e004 0000 | 0f87 4800 
  0x000001fa3e2ab9a0: 0000 8984 | 2400 f0ff | ff89 8424 | 00e0 ffff | 8984 2400 | d0ff ff89 | 8424 00c0 | ffff 8984 
  0x000001fa3e2ab9c0: 2400 b0ff | ff89 8424 | 00a0 ffff | 8984 2400 | 90ff ff89 | 8424 0080 | ffff 493b | a7d8 0400 
  0x000001fa3e2ab9e0: 0076 0749 | 89a7 e004 | 0000 41c6 | 8771 0400 | 0000 49ba | cf4d 758d | f97f 0000 | 4180 3a00 
  0x000001fa3e2aba00: 0f84 3e00 | 0000 488b | 55e8 498b | cf48 83ec | 2040 f6c4 | 0f0f 8419 | 0000 0048 | 83ec 0848 
  0x000001fa3e2aba20: b840 d51e | 8df9 7f00 | 00ff d048 | 83c4 08e9 | 0c00 0000 | 48b8 40d5 | 1e8d f97f | 0000 ffd0 
  0x000001fa3e2aba40: 4883 c420 | 410f b65d | 0049 ba30 | 1d78 8df9 | 7f00 0041 | ff24 daba | 0000 0000 | e805 0000 
  0x000001fa3e2aba60: 00e9 9600 | 0000 488d | 4424 084c | 896d c049 | 8bcf c5f8 | 7749 89af | a803 0000 | 4989 8798 
  0x000001fa3e2aba80: 0300 0048 | 83ec 2040 | f6c4 0f0f | 8419 0000 | 0048 83ec | 0848 b860 | dae8 8cf9 | 7f00 00ff 
  0x000001fa3e2abaa0: d048 83c4 | 08e9 0c00 | 0000 48b8 | 60da e88c | f97f 0000 | ffd0 4883 | c420 49c7 | 8798 0300 
  0x000001fa3e2abac0: 0000 0000 | 0049 c787 | a803 0000 | 0000 0000 | 49c7 87a0 | 0300 0000 | 0000 00c5 | f877 4983 
  0x000001fa3e2abae0: 7f08 000f | 8405 0000 | 00e9 1254 | ffff 4c8b | 6dc0 4c8b | 75c8 4e8d | 74f5 00c3 | 488b 5de8 
  0x000001fa3e2abb00: e990 feff | ff66 6690 
[/MachCode]

Compiled method (c1) 1283 1140       3       java.security.AccessController::executePrivileged (65 bytes)
 total in heap  [0x000001fa36f39010,0x000001fa36f39600] = 1520
 relocation     [0x000001fa36f39170,0x000001fa36f391d8] = 104
 main code      [0x000001fa36f391e0,0x000001fa36f39488] = 680
 stub code      [0x000001fa36f39488,0x000001fa36f394e0] = 88
 metadata       [0x000001fa36f394e0,0x000001fa36f394f0] = 16
 scopes data    [0x000001fa36f394f0,0x000001fa36f39568] = 120
 scopes pcs     [0x000001fa36f39568,0x000001fa36f395e8] = 128
 dependencies   [0x000001fa36f395e8,0x000001fa36f395f0] = 8
 nul chk table  [0x000001fa36f395f0,0x000001fa36f39600] = 16

[Constant Pool (empty)]

[MachCode]
[Verified Entry Point]
  # {method} {0x000001fa4b4724f0} 'executePrivileged' '(Ljava/security/PrivilegedExceptionAction;Ljava/security/AccessControlContext;Ljava/lang/Class;)Ljava/lang/Object;' in 'java/security/AccessController'
  # parm0:    rdx:rdx   = 'java/security/PrivilegedExceptionAction'
  # parm1:    r8:r8     = 'java/security/AccessControlContext'
  # parm2:    r9:r9     = 'java/lang/Class'
  #           [sp+0x50]  (sp of caller)
  0x000001fa36f391e0: 8984 2400 | 80ff ff55 | 4883 ec40 | 4181 7f20 | 0100 0000 

  0x000001fa36f391f4: ;   {runtime_call StubRoutines (final stubs)}
  0x000001fa36f391f4: 7405 e805 | 463a 074c | 8944 2430 

  0x000001fa36f39200: ;   {metadata(method data for {method} {0x000001fa4b4724f0} 'executePrivileged' '(Ljava/security/PrivilegedExceptionAction;Ljava/security/AccessControlContext;Ljava/lang/Class;)Ljava/lang/Object;' in 'java/security/AccessController')}
  0x000001fa36f39200: 48be 38b0 | 318d fa01 | 0000 8bbe | cc00 0000 | 83c7 0289 | becc 0000 | 0081 e7fe | 0700 0085 
  0x000001fa36f39220: ff0f 84bf | 0100 004d 

  0x000001fa36f39228: ;   {metadata(method data for {method} {0x000001fa4b4724f0} 'executePrivileged' '(Ljava/security/PrivilegedExceptionAction;Ljava/security/AccessControlContext;Ljava/lang/Class;)Ljava/lang/Object;' in 'java/security/AccessController')}
  0x000001fa36f39228: 85c0 48be | 38b0 318d | fa01 0000 | 48c7 c710 | 0100 0074 | 0748 c7c7 | 2001 0000 | 488b 1c3e 
  0x000001fa36f39248: 488d 5b01 | 4889 1c3e | 4c89 4c24 | 2848 8954 | 2420 0f84 | 2400 0000 

  0x000001fa36f39260: ;   {metadata(method data for {method} {0x000001fa4b4724f0} 'executePrivileged' '(Ljava/security/PrivilegedExceptionAction;Ljava/security/AccessControlContext;Ljava/lang/Class;)Ljava/lang/Object;' in 'java/security/AccessController')}
  0x000001fa36f39260: 48be 38b0 | 318d fa01 | 0000 4883 | 8630 0100 | 0001 498b 

  0x000001fa36f39274: ;   {static_call}
  0x000001fa36f39274: d066 90e8 

  0x000001fa36f39278: ; ImmutableOopMap {[32]=Oop [40]=Oop [48]=Oop }
                      ;*invokestatic ensureMaterializedForStackWalk {reexecute=0 rethrow=0 return_oop=0}
                      ; - java.security.AccessController::executePrivileged@5
  0x000001fa36f39278: e4b8 9707 

  0x000001fa36f3927c: ;   {other}
  0x000001fa36f3927c: 0f1f 8400 | 6c02 0000 

  0x000001fa36f39284: ;   {metadata(method data for {method} {0x000001fa4b4724f0} 'executePrivileged' '(Ljava/security/PrivilegedExceptionAction;Ljava/security/AccessControlContext;Ljava/lang/Class;)Ljava/lang/Object;' in 'java/security/AccessController')}
  0x000001fa36f39284: 48ba 38b0 | 318d fa01 | 0000 ff82 | 4001 0000 | 488b 5424 | 2048 3b02 

  0x000001fa36f3929c: ;   {metadata(method data for {method} {0x000001fa4b4724f0} 'executePrivileged' '(Ljava/security/PrivilegedExceptionAction;Ljava/security/AccessControlContext;Ljava/lang/Class;)Ljava/lang/Object;' in 'java/security/AccessController')}
  0x000001fa36f3929c: 488b f248 | bf38 b031 | 8dfa 0100 | 008b 7608 | 49ba 0000 | 004b fa01 | 0000 4903 | f248 3bb7 
  0x000001fa36f392bc: b001 0000 | 750d 4883 | 87b8 0100 | 0001 e960 | 0000 0048 | 3bb7 c001 | 0000 750d | 4883 87c8 
  0x000001fa36f392dc: 0100 0001 | e94a 0000 | 0048 83bf | b001 0000 | 0075 1748 | 89b7 b001 | 0000 48c7 | 87b8 0100 
  0x000001fa36f392fc: 0001 0000 | 00e9 2900 | 0000 4883 | bfc0 0100 | 0000 7517 | 4889 b7c0 | 0100 0048 | c787 c801 
  0x000001fa36f3931c: 0000 0100 | 0000 e908 | 0000 0048 | 8387 a001 | 0000 0166 | 0f1f 4400 | 0048 b8ff | ffff ffff 
  0x000001fa36f3933c: ;   {virtual_call}
  0x000001fa36f3933c: ffff ffe8 

  0x000001fa36f39340: ; ImmutableOopMap {[40]=Oop [48]=Oop }
                      ;*invokeinterface run {reexecute=0 rethrow=0 return_oop=0}
                      ; - java.security.AccessController::executePrivileged@29
  0x000001fa36f39340: dc2a 3b07 

  0x000001fa36f39344: ;   {other}
  0x000001fa36f39344: 0f1f 8400 | 3403 0001 

  0x000001fa36f3934c: ;   {metadata(method data for {method} {0x000001fa4b4724f0} 'executePrivileged' '(Ljava/security/PrivilegedExceptionAction;Ljava/security/AccessControlContext;Ljava/lang/Class;)Ljava/lang/Object;' in 'java/security/AccessController')}
  0x000001fa36f3934c: 48be 38b0 | 318d fa01 | 0000 ff86 | d801 0000 | 4c8b 4c24 

  0x000001fa36f39360: ;   {metadata(method data for {method} {0x000001fa4b4724f0} 'executePrivileged' '(Ljava/security/PrivilegedExceptionAction;Ljava/security/AccessControlContext;Ljava/lang/Class;)Ljava/lang/Object;' in 'java/security/AccessController')}
  0x000001fa36f39360: 2848 be38 | b031 8dfa | 0100 0048 | 8386 3802 

  0x000001fa36f39370: ;   {metadata(method data for {method} {0x000001fa4b03d898} 'reachabilityFence' '(Ljava/lang/Object;)V' in 'java/lang/ref/Reference')}
  0x000001fa36f39370: 0000 0148 | be48 6306 | 8dfa 0100 | 008b becc | 0000 0083 | c702 89be | cc00 0000 | 81e7 feff 
  0x000001fa36f39390: 1f00 85ff | 0f84 7200 

  0x000001fa36f39398: ;   {metadata(method data for {method} {0x000001fa4b4724f0} 'executePrivileged' '(Ljava/security/PrivilegedExceptionAction;Ljava/security/AccessControlContext;Ljava/lang/Class;)Ljava/lang/Object;' in 'java/security/AccessController')}
  0x000001fa36f39398: 0000 48be | 38b0 318d | fa01 0000 | 4883 8648 | 0200 0001 

  0x000001fa36f393ac: ;   {metadata(method data for {method} {0x000001fa4b03d898} 'reachabilityFence' '(Ljava/lang/Object;)V' in 'java/lang/ref/Reference')}
  0x000001fa36f393ac: 48be 4863 | 068d fa01 | 0000 8bbe | cc00 0000 | 83c7 0289 | becc 0000 | 0081 e7fe | ff1f 0085 
  0x000001fa36f393cc: ff0f 845a | 0000 0048 | 83c4 405d 

  0x000001fa36f393d8: ;   {poll_return}
  0x000001fa36f393d8: 493b a748 | 0400 000f | 8766 0000 

  0x000001fa36f393e4: ;   {metadata({method} {0x000001fa4b4724f0} 'executePrivileged' '(Ljava/security/PrivilegedExceptionAction;Ljava/security/AccessControlContext;Ljava/lang/Class;)Ljava/lang/Object;' in 'java/security/AccessController')}
  0x000001fa36f393e4: 00c3 49ba | e824 474b | fa01 0000 | 4c89 5424 | 0848 c704 | 24ff ffff 

  0x000001fa36f393fc: ;   {runtime_call counter_overflow Runtime1 stub}
  0x000001fa36f393fc: ffe8 7ec7 

  0x000001fa36f39400: ; ImmutableOopMap {rdx=Oop r8=Oop r9=Oop [48]=Oop }
                      ;*synchronization entry
                      ; - java.security.AccessController::executePrivileged@-1
  0x000001fa36f39400: 4607 e920 

  0x000001fa36f39404: ;   {runtime_call throw_null_pointer_exception Runtime1 stub}
  0x000001fa36f39404: feff ffe8 

  0x000001fa36f39408: ; ImmutableOopMap {rdx=Oop [40]=Oop [48]=Oop }
                      ;*invokeinterface run {reexecute=0 rethrow=0 return_oop=0}
                      ; - java.security.AccessController::executePrivileged@29
  0x000001fa36f39408: 1462 4607 

  0x000001fa36f3940c: ;   {metadata({method} {0x000001fa4b03d898} 'reachabilityFence' '(Ljava/lang/Object;)V' in 'java/lang/ref/Reference')}
  0x000001fa36f3940c: 49ba 90d8 | 034b fa01 | 0000 4c89 | 5424 0848 | c704 24ff 

  0x000001fa36f39420: ;   {runtime_call counter_overflow Runtime1 stub}
  0x000001fa36f39420: ffff ffe8 

  0x000001fa36f39424: ; ImmutableOopMap {rax=Oop r9=Oop }
                      ;*synchronization entry
                      ; - java.lang.ref.Reference::reachabilityFence@-1
                      ; - java.security.AccessController::executePrivileged@56
  0x000001fa36f39424: 58c7 4607 | e96d ffff 

  0x000001fa36f3942c: ;   {metadata({method} {0x000001fa4b03d898} 'reachabilityFence' '(Ljava/lang/Object;)V' in 'java/lang/ref/Reference')}
  0x000001fa36f3942c: ff49 ba90 | d803 4bfa | 0100 004c | 8954 2408 | 48c7 0424 | ffff ffff 

  0x000001fa36f39444: ;   {runtime_call counter_overflow Runtime1 stub}
  0x000001fa36f39444: e837 c746 

  0x000001fa36f39448: ; ImmutableOopMap {rax=Oop }
                      ;*synchronization entry
                      ; - java.lang.ref.Reference::reachabilityFence@-1
                      ; - java.security.AccessController::executePrivileged@60
                      ;   {internal_word}
  0x000001fa36f39448: 07eb 8849 | bad8 93f3 | 36fa 0100 | 004d 8997 | 6004 0000 

  0x000001fa36f3945c: ;   {runtime_call SafepointBlob}
  0x000001fa36f3945c: e91f c73b | 0749 8b87 | f804 0000 | 49c7 87f8 | 0400 0000 | 0000 0049 | c787 0005 | 0000 0000 
  0x000001fa36f3947c: 0000 4883 

  0x000001fa36f39480: ;   {runtime_call unwind_exception Runtime1 stub}
  0x000001fa36f39480: c440 5de9 | 7852 4607 
[Stub Code]
  0x000001fa36f39488: ;   {no_reloc}
  0x000001fa36f39488: 0f1f 4400 

  0x000001fa36f3948c: ;   {static_stub}
  0x000001fa36f3948c: 0048 bb00 | 0000 0000 

  0x000001fa36f39494: ;   {runtime_call nmethod}
  0x000001fa36f39494: 0000 00e9 | fbff ffff 

  0x000001fa36f3949c: ;   {static_stub}
  0x000001fa36f3949c: 48bb 6823 | 474b fa01 

  0x000001fa36f394a4: ;   {runtime_call I2C/C2I adapters}
  0x000001fa36f394a4: 0000 e938 

  0x000001fa36f394a8: ;   {runtime_call handle_exception_from_callee Runtime1 stub}
  0x000001fa36f394a8: 473b 07e8 | 5087 4607 

  0x000001fa36f394b0: ;   {external_word}
  0x000001fa36f394b0: 48b9 2053 | 4b8d f97f | 0000 4883 

  0x000001fa36f394bc: ;   {runtime_call}
  0x000001fa36f394bc: e4f0 48b8 | 90b7 0d8d | f97f 0000 

  0x000001fa36f394c8: ;   {section_word}
  0x000001fa36f394c8: ffd0 f449 | bacb 94f3 | 36fa 0100 

  0x000001fa36f394d4: ;   {runtime_call DeoptimizationBlob}
  0x000001fa36f394d4: 0041 52e9 | 44db 3b07 | f4f4 f4f4 
[/MachCode]


---------------  P R O C E S S  ---------------

Threads class SMR info:
_java_thread_list=0x000001fa91dc9aa0, length=16, elements={
0x000001fa33b58ac0, 0x000001fa4a5cb4f0, 0x000001fa4a5ccd50, 0x000001fa4a5cf040,
0x000001fa4a5cff50, 0x000001fa4a5d2660, 0x000001fa4a5d6ce0, 0x000001fa4a5d8070,
0x000001fa4a60b4a0, 0x000001fa911ff1d0, 0x000001fa91248720, 0x000001fa9138c030,
0x000001fa914d36b0, 0x000001fa918b9140, 0x000001fa91dd6ec0, 0x000001fa91cab970
}

Java Threads: ( => current thread )
  0x000001fa33b58ac0 JavaThread "main"                              [_thread_blocked, id=218364, stack(0x00000046c5100000,0x00000046c5200000) (1024K)]
  0x000001fa4a5cb4f0 JavaThread "Reference Handler"          daemon [_thread_blocked, id=107072, stack(0x00000046c5500000,0x00000046c5600000) (1024K)]
  0x000001fa4a5ccd50 JavaThread "Finalizer"                  daemon [_thread_blocked, id=83752, stack(0x00000046c5600000,0x00000046c5700000) (1024K)]
  0x000001fa4a5cf040 JavaThread "Signal Dispatcher"          daemon [_thread_blocked, id=78612, stack(0x00000046c5700000,0x00000046c5800000) (1024K)]
  0x000001fa4a5cff50 JavaThread "Attach Listener"            daemon [_thread_blocked, id=119764, stack(0x00000046c5800000,0x00000046c5900000) (1024K)]
  0x000001fa4a5d2660 JavaThread "Service Thread"             daemon [_thread_blocked, id=190384, stack(0x00000046c5900000,0x00000046c5a00000) (1024K)]
  0x000001fa4a5d6ce0 JavaThread "Monitor Deflation Thread"   daemon [_thread_blocked, id=38692, stack(0x00000046c5a00000,0x00000046c5b00000) (1024K)]
  0x000001fa4a5d8070 JavaThread "C2 CompilerThread0"         daemon [_thread_blocked, id=33156, stack(0x00000046c5b00000,0x00000046c5c00000) (1024K)]
  0x000001fa4a60b4a0 JavaThread "C1 CompilerThread0"         daemon [_thread_blocked, id=53360, stack(0x00000046c5c00000,0x00000046c5d00000) (1024K)]
  0x000001fa911ff1d0 JavaThread "Common-Cleaner"             daemon [_thread_blocked, id=162872, stack(0x00000046c5d00000,0x00000046c5e00000) (1024K)]
  0x000001fa91248720 JavaThread "C2 CompilerThread1"         daemon [_thread_blocked, id=190820, stack(0x00000046c5e00000,0x00000046c5f00000) (1024K)]
  0x000001fa9138c030 JavaThread "Notification Thread"        daemon [_thread_blocked, id=100144, stack(0x00000046c5f00000,0x00000046c6000000) (1024K)]
  0x000001fa914d36b0 JavaThread "C2 CompilerThread2"         daemon [_thread_blocked, id=209840, stack(0x00000046c6000000,0x00000046c6100000) (1024K)]
  0x000001fa918b9140 JavaThread "Active Thread: Equinox Container: 563024ac-3537-42d8-a4ae-cb792e46e814"        [_thread_blocked, id=87144, stack(0x00000046c6700000,0x00000046c6800000) (1024K)]
  0x000001fa91dd6ec0 JavaThread "Framework Event Dispatcher: Equinox Container: 563024ac-3537-42d8-a4ae-cb792e46e814" daemon [_thread_blocked, id=148516, stack(0x00000046c6800000,0x00000046c6900000) (1024K)]
=>0x000001fa91cab970 JavaThread "Start Level: Equinox Container: 563024ac-3537-42d8-a4ae-cb792e46e814" daemon [_thread_in_vm, id=21792, stack(0x00000046c6900000,0x00000046c6a00000) (1024K)]
Total: 16

Other Threads:
  0x000001fa4a5ad040 VMThread "VM Thread"                           [id=53472, stack(0x00000046c5400000,0x00000046c5500000) (1024K)]
  0x000001fa33c235b0 WatcherThread "VM Periodic Task Thread"        [id=104876, stack(0x00000046c5300000,0x00000046c5400000) (1024K)]
  0x000001fa33b792c0 WorkerThread "GC Thread#0"                     [id=202004, stack(0x00000046c5200000,0x00000046c5300000) (1024K)]
  0x000001fa91c07440 WorkerThread "GC Thread#1"                     [id=86040, stack(0x00000046c6100000,0x00000046c6200000) (1024K)]
  0x000001fa91c077e0 WorkerThread "GC Thread#2"                     [id=11880, stack(0x00000046c6200000,0x00000046c6300000) (1024K)]
  0x000001fa918eb670 WorkerThread "GC Thread#3"                     [id=220264, stack(0x00000046c6300000,0x00000046c6400000) (1024K)]
  0x000001fa918eba10 WorkerThread "GC Thread#4"                     [id=36360, stack(0x00000046c6400000,0x00000046c6500000) (1024K)]
  0x000001fa918ebdb0 WorkerThread "GC Thread#5"                     [id=125856, stack(0x00000046c6500000,0x00000046c6600000) (1024K)]
  0x000001fa9165ca10 WorkerThread "GC Thread#6"                     [id=125772, stack(0x00000046c6600000,0x00000046c6700000) (1024K)]
Total: 9

Threads with active compile tasks:
Total: 0

VM state: not at safepoint (normal execution)

VM Mutex/Monitor currently owned by a thread:  ([mutex/lock_event])
[0x00007ff98d76b4f0] Metaspace_lock - owner thread: 0x000001fa91cab970

Heap address: 0x0000000080000000, size: 2048 MB, Compressed Oops mode: 32-bit

CDS archive(s) mapped at: [0x000001fa4b000000-0x000001fa4bba0000-0x000001fa4bba0000), size 12189696, SharedBaseAddress: 0x000001fa4b000000, ArchiveRelocationMode: 1.
Compressed class space mapped at: 0x000001fa4c000000-0x000001fa8c000000, reserved size: 1073741824
Narrow klass base: 0x000001fa4b000000, Narrow klass shift: 0, Narrow klass range: 0x100000000

GC Precious Log:
 CardTable entry size: 512
 CPUs: 8 total, 8 available
 Memory: 16183M
 Large Page Support: Disabled
 NUMA Support: Disabled
 Compressed Oops: Enabled (32-bit)
 Alignments: Space 512K, Generation 512K, Heap 2M
 Heap Min Capacity: 100M
 Heap Initial Capacity: 100M
 Heap Max Capacity: 2G
 Pre-touch: Disabled
 Parallel Workers: 8

Heap:
 PSYoungGen      total 29696K, used 28350K [0x00000000d5580000, 0x00000000d7680000, 0x0000000100000000)
  eden space 25600K, 97% used [0x00000000d5580000,0x00000000d6dd3358,0x00000000d6e80000)
  from space 4096K, 84% used [0x00000000d6e80000,0x00000000d71dc4a8,0x00000000d7280000)
  to   space 4096K, 0% used [0x00000000d7280000,0x00000000d7280000,0x00000000d7680000)
 ParOldGen       total 68608K, used 16K [0x0000000080000000, 0x0000000084300000, 0x00000000d5580000)
  object space 68608K, 0% used [0x0000000080000000,0x0000000080004000,0x0000000084300000)
 Metaspace       used 8122K, committed 8384K, reserved 1114112K
  class space    used 864K, committed 960K, reserved 1048576K

Card table byte_map: [0x000001fa33510000,0x000001fa33920000] _byte_map_base: 0x000001fa33110000

Marking Bits: (ParMarkBitMap*) 0x00007ff98d772460
 Begin Bits: [0x000001fa46020000, 0x000001fa48020000)
 End Bits:   [0x000001fa48020000, 0x000001fa4a020000)

Polling page: 0x000001fa31b40000

Metaspace:

Usage:
  Non-class:      7.09 MB used.
      Class:    864.95 KB used.
       Both:      7.93 MB used.

Virtual space:
  Non-class space:       64.00 MB reserved,       7.25 MB ( 11%) committed,  1 nodes.
      Class space:        1.00 GB reserved,     960.00 KB ( <1%) committed,  1 nodes.
             Both:        1.06 GB reserved,       8.19 MB ( <1%) committed. 

Chunk freelists:
   Non-Class:  8.67 MB
       Class:  14.88 MB
        Both:  23.55 MB

MaxMetaspaceSize: unlimited
CompressedClassSpaceSize: 1.00 GB
Initial GC threshold: 21.00 MB
Current GC threshold: 21.00 MB
CDS: on
 - commit_granule_bytes: 65536.
 - commit_granule_words: 8192.
 - virtual_space_node_default_size: 8388608.
 - enlarge_chunks_in_place: 1.
 - use_allocation_guard: 0.


Internal statistics:

num_allocs_failed_limit: 0.
num_arena_births: 236.
num_arena_deaths: 0.
num_vsnodes_births: 2.
num_vsnodes_deaths: 0.
num_space_committed: 131.
num_space_uncommitted: 0.
num_chunks_returned_to_freelist: 0.
num_chunks_taken_from_freelist: 437.
num_chunk_merges: 0.
num_chunk_splits: 281.
num_chunks_enlarged: 185.
num_inconsistent_stats: 0.

CodeHeap 'non-profiled nmethods': size=120000Kb used=782Kb max_used=782Kb free=119217Kb
 bounds [0x000001fa3e840000, 0x000001fa3eab0000, 0x000001fa45d70000]
CodeHeap 'profiled nmethods': size=120000Kb used=3118Kb max_used=3118Kb free=116881Kb
 bounds [0x000001fa36d70000, 0x000001fa37080000, 0x000001fa3e2a0000]
CodeHeap 'non-nmethods': size=5760Kb used=1229Kb max_used=1269Kb free=4530Kb
 bounds [0x000001fa3e2a0000, 0x000001fa3e510000, 0x000001fa3e840000]
CodeCache: size=245760Kb, used=5129Kb, max_used=5169Kb, free=240628Kb
 total_blobs=2262, nmethods=1776, adapters=393, full_count=0
Compilation: enabled, stopped_count=0, restarted_count=0

Compilation events (20 events):
Event: 1.226 Thread 0x000001fa4a60b4a0 1770       1       org.eclipse.osgi.storage.BundleInfo$Generation::getBundleInfo (5 bytes)
Event: 1.226 Thread 0x000001fa4a60b4a0 nmethod 1770 0x000001fa3e903210 code [0x000001fa3e9033a0, 0x000001fa3e903468]
Event: 1.226 Thread 0x000001fa4a60b4a0 1771       3       java.lang.Throwable::<init> (39 bytes)
Event: 1.227 Thread 0x000001fa4a60b4a0 nmethod 1771 0x000001fa37075b90 code [0x000001fa37075d40, 0x000001fa37076008]
Event: 1.229 Thread 0x000001fa4a60b4a0 1772       3       java.net.URLStreamHandler::setURL (159 bytes)
Event: 1.230 Thread 0x000001fa91248720 1773       4       java.lang.StringLatin1::indexOf (121 bytes)
Event: 1.231 Thread 0x000001fa4a60b4a0 nmethod 1772 0x000001fa37076110 code [0x000001fa370764a0, 0x000001fa37077910]
Event: 1.233 Thread 0x000001fa4a60b4a0 1774       3       java.lang.ThreadLocal$ThreadLocalMap::getEntry (42 bytes)
Event: 1.233 Thread 0x000001fa4a60b4a0 nmethod 1774 0x000001fa37078210 code [0x000001fa370783e0, 0x000001fa370787a0]
Event: 1.233 Thread 0x000001fa91248720 nmethod 1773 0x000001fa3e903510 code [0x000001fa3e9036a0, 0x000001fa3e903970]
Event: 1.234 Thread 0x000001fa4a60b4a0 1775       3       java.lang.ClassLoader::defineClass (43 bytes)
Event: 1.234 Thread 0x000001fa4a60b4a0 nmethod 1775 0x000001fa37078990 code [0x000001fa37078ba0, 0x000001fa370790b8]
Event: 1.234 Thread 0x000001fa4a60b4a0 1776       3       java.lang.ClassLoader::defineClassSourceLocation (28 bytes)
Event: 1.234 Thread 0x000001fa4a60b4a0 nmethod 1776 0x000001fa37079310 code [0x000001fa370794e0, 0x000001fa37079860]
Event: 1.234 Thread 0x000001fa4a60b4a0 1777       3       java.lang.invoke.MemberName::changeReferenceKind (46 bytes)
Event: 1.234 Thread 0x000001fa4a60b4a0 nmethod 1777 0x000001fa37079a10 code [0x000001fa37079ba0, 0x000001fa37079cd0]
Event: 1.237 Thread 0x000001fa4a60b4a0 1778       3       org.eclipse.osgi.internal.framework.EquinoxConfiguration::getProperty (9 bytes)
Event: 1.237 Thread 0x000001fa4a60b4a0 nmethod 1778 0x000001fa37079d90 code [0x000001fa37079fe0, 0x000001fa3707a778]
Event: 1.237 Thread 0x000001fa4a60b4a0 1779       3       org.eclipse.osgi.internal.framework.EquinoxConfiguration$ConfigValues::getProperty (31 bytes)
Event: 1.238 Thread 0x000001fa4a60b4a0 nmethod 1779 0x000001fa3707aa10 code [0x000001fa3707aca0, 0x000001fa3707b718]

GC Heap History (2 events):
Event: 0.643 GC heap before
{Heap before GC invocations=1 (full 0):
 PSYoungGen      total 29696K, used 25600K [0x00000000d5580000, 0x00000000d7680000, 0x0000000100000000)
  eden space 25600K, 100% used [0x00000000d5580000,0x00000000d6e80000,0x00000000d6e80000)
  from space 4096K, 0% used [0x00000000d7280000,0x00000000d7280000,0x00000000d7680000)
  to   space 4096K, 0% used [0x00000000d6e80000,0x00000000d6e80000,0x00000000d7280000)
 ParOldGen       total 68608K, used 0K [0x0000000080000000, 0x0000000084300000, 0x00000000d5580000)
  object space 68608K, 0% used [0x0000000080000000,0x0000000080000000,0x0000000084300000)
 Metaspace       used 4302K, committed 4544K, reserved 1114112K
  class space    used 474K, committed 576K, reserved 1048576K
}
Event: 0.649 GC heap after
{Heap after GC invocations=1 (full 0):
 PSYoungGen      total 29696K, used 3441K [0x00000000d5580000, 0x00000000d7680000, 0x0000000100000000)
  eden space 25600K, 0% used [0x00000000d5580000,0x00000000d5580000,0x00000000d6e80000)
  from space 4096K, 84% used [0x00000000d6e80000,0x00000000d71dc4a8,0x00000000d7280000)
  to   space 4096K, 0% used [0x00000000d7280000,0x00000000d7280000,0x00000000d7680000)
 ParOldGen       total 68608K, used 16K [0x0000000080000000, 0x0000000084300000, 0x00000000d5580000)
  object space 68608K, 0% used [0x0000000080000000,0x0000000080004000,0x0000000084300000)
 Metaspace       used 4302K, committed 4544K, reserved 1114112K
  class space    used 474K, committed 576K, reserved 1048576K
}

Dll operation events (9 events):
Event: 0.012 Loaded shared library c:\Users\YNC10\.vscode\extensions\redhat.java-1.50.0-win32-x64\jre\21.0.9-win32-x86_64\bin\java.dll
Event: 0.041 Loaded shared library c:\Users\YNC10\.vscode\extensions\redhat.java-1.50.0-win32-x64\jre\21.0.9-win32-x86_64\bin\zip.dll
Event: 0.108 Loaded shared library C:\Users\YNC10\.vscode\extensions\redhat.java-1.50.0-win32-x64\jre\21.0.9-win32-x86_64\bin\instrument.dll
Event: 0.113 Loaded shared library C:\Users\YNC10\.vscode\extensions\redhat.java-1.50.0-win32-x64\jre\21.0.9-win32-x86_64\bin\net.dll
Event: 0.116 Loaded shared library C:\Users\YNC10\.vscode\extensions\redhat.java-1.50.0-win32-x64\jre\21.0.9-win32-x86_64\bin\nio.dll
Event: 0.120 Loaded shared library C:\Users\YNC10\.vscode\extensions\redhat.java-1.50.0-win32-x64\jre\21.0.9-win32-x86_64\bin\zip.dll
Event: 0.136 Loaded shared library C:\Users\YNC10\.vscode\extensions\redhat.java-1.50.0-win32-x64\jre\21.0.9-win32-x86_64\bin\jimage.dll
Event: 0.202 Loaded shared library c:\Users\YNC10\.vscode\extensions\redhat.java-1.50.0-win32-x64\jre\21.0.9-win32-x86_64\bin\verify.dll
Event: 1.224 Loaded shared library C:\Users\YNC10\AppData\Roaming\Code\User\globalStorage\redhat.java\1.50.0\config_ss_win\org.eclipse.equinox.launcher\org.eclipse.equinox.launcher.win32.win32.x86_64_1.2.1400.v20250801-0854\eclipse_11916.dll

Deoptimization events (20 events):
Event: 1.076 Thread 0x000001fa33b58ac0 Uncommon trap: trap_request=0xffffffde fr.pc=0x000001fa3e8db7e4 relative=0x0000000000000a64
Event: 1.076 Thread 0x000001fa33b58ac0 Uncommon trap: reason=class_check action=maybe_recompile pc=0x000001fa3e8db7e4 method=java.util.HashMap.putVal(ILjava/lang/Object;Ljava/lang/Object;ZZ)Ljava/lang/Object; @ 253 c2
Event: 1.076 Thread 0x000001fa33b58ac0 DEOPT PACKING pc=0x000001fa3e8db7e4 sp=0x00000046c51fe3a0
Event: 1.076 Thread 0x000001fa33b58ac0 DEOPT UNPACKING pc=0x000001fa3e2f6da2 sp=0x00000046c51fe360 mode 2
Event: 1.145 Thread 0x000001fa33b58ac0 DEOPT PACKING pc=0x000001fa36e7460b sp=0x00000046c51fcb80
Event: 1.145 Thread 0x000001fa33b58ac0 DEOPT UNPACKING pc=0x000001fa3e2f78e2 sp=0x00000046c51fbff8 mode 0
Event: 1.145 Thread 0x000001fa33b58ac0 DEOPT PACKING pc=0x000001fa36ee2508 sp=0x00000046c51fc720
Event: 1.145 Thread 0x000001fa33b58ac0 DEOPT UNPACKING pc=0x000001fa3e2f78e2 sp=0x00000046c51fbba0 mode 0
Event: 1.146 Thread 0x000001fa33b58ac0 DEOPT PACKING pc=0x000001fa36e6fb06 sp=0x00000046c51fc5e0
Event: 1.146 Thread 0x000001fa33b58ac0 DEOPT UNPACKING pc=0x000001fa3e2f78e2 sp=0x00000046c51fba60 mode 0
Event: 1.146 Thread 0x000001fa33b58ac0 DEOPT PACKING pc=0x000001fa36ee2508 sp=0x00000046c51fca30
Event: 1.146 Thread 0x000001fa33b58ac0 DEOPT UNPACKING pc=0x000001fa3e2f78e2 sp=0x00000046c51fbeb0 mode 0
Event: 1.153 Thread 0x000001fa33b58ac0 DEOPT PACKING pc=0x000001fa36ee2508 sp=0x00000046c51fc980
Event: 1.153 Thread 0x000001fa33b58ac0 DEOPT UNPACKING pc=0x000001fa3e2f78e2 sp=0x00000046c51fbe00 mode 0
Event: 1.154 Thread 0x000001fa33b58ac0 DEOPT PACKING pc=0x000001fa36ee2508 sp=0x00000046c51fcc80
Event: 1.154 Thread 0x000001fa33b58ac0 DEOPT UNPACKING pc=0x000001fa3e2f78e2 sp=0x00000046c51fc100 mode 0
Event: 1.230 Thread 0x000001fa91cab970 Uncommon trap: trap_request=0xffffff6e fr.pc=0x000001fa3e8b28a8 relative=0x0000000000000368
Event: 1.230 Thread 0x000001fa91cab970 Uncommon trap: reason=loop_limit_check action=maybe_recompile pc=0x000001fa3e8b28a8 method=java.lang.StringLatin1.indexOf([BI[BII)I @ 37 c2
Event: 1.230 Thread 0x000001fa91cab970 DEOPT PACKING pc=0x000001fa3e8b28a8 sp=0x00000046c69fd0b0
Event: 1.230 Thread 0x000001fa91cab970 DEOPT UNPACKING pc=0x000001fa3e2f6da2 sp=0x00000046c69fd010 mode 2

Classes loaded (20 events):
Event: 1.166 Loading class java/lang/Thread$Builder$OfPlatform
Event: 1.166 Loading class java/lang/Thread$Builder
Event: 1.166 Loading class java/lang/Thread$Builder done
Event: 1.166 Loading class java/lang/Thread$Builder$OfPlatform done
Event: 1.166 Loading class java/lang/Thread$Builder$OfVirtual
Event: 1.166 Loading class java/lang/Thread$Builder$OfVirtual done
Event: 1.174 Loading class sun/nio/fs/WindowsChannelFactory
Event: 1.174 Loading class sun/nio/fs/WindowsChannelFactory done
Event: 1.174 Loading class sun/nio/fs/WindowsChannelFactory$1
Event: 1.174 Loading class sun/nio/fs/WindowsChannelFactory$1 done
Event: 1.174 Loading class sun/nio/fs/WindowsChannelFactory$Flags
Event: 1.174 Loading class sun/nio/fs/WindowsChannelFactory$Flags done
Event: 1.174 Loading class sun/nio/ch/FileChannelImpl$Closer
Event: 1.174 Loading class sun/nio/ch/FileChannelImpl$Closer done
Event: 1.224 Loading class java/util/concurrent/locks/AbstractQueuedSynchronizer$SharedNode
Event: 1.224 Loading class java/util/concurrent/locks/AbstractQueuedSynchronizer$SharedNode done
Event: 1.225 Loading class java/util/concurrent/CountDownLatch
Event: 1.225 Loading class java/util/concurrent/CountDownLatch done
Event: 1.225 Loading class java/util/concurrent/CountDownLatch$Sync
Event: 1.225 Loading class java/util/concurrent/CountDownLatch$Sync done

Classes unloaded (0 events):
No events

Classes redefined (0 events):
No events

Internal exceptions (20 events):
Event: 0.599 Thread 0x000001fa33b58ac0 Exception <a 'java/lang/NoSuchMethodError'{0x00000000d6a97388}: 'java.lang.ClassLoader java.lang.ClassLoader.getPlatformClassLoader(java.lang.Class)'> (0x00000000d6a97388) 
thrown [s\src\hotspot\share\interpreter\linkResolver.cpp, line 773]
Event: 0.657 Thread 0x000001fa33b58ac0 Exception <a 'java/lang/ClassNotFoundException'{0x00000000d55b1148}: sun/net/www/protocol/c/Handler> (0x00000000d55b1148) 
thrown [s\src\hotspot\share\classfile\systemDictionary.cpp, line 312]
Event: 0.657 Thread 0x000001fa33b58ac0 Exception <a 'java/lang/ClassNotFoundException'{0x00000000d55b24d0}: sun/net/www/protocol/c/Handler> (0x00000000d55b24d0) 
thrown [s\src\hotspot\share\classfile\systemDictionary.cpp, line 312]
Event: 0.657 Thread 0x000001fa33b58ac0 Exception <a 'java/lang/ClassNotFoundException'{0x00000000d55b3690}: sun/net/www/protocol/c/Handler> (0x00000000d55b3690) 
thrown [s\src\hotspot\share\classfile\systemDictionary.cpp, line 312]
Event: 0.668 Thread 0x000001fa33b58ac0 Exception <a 'java/io/FileNotFoundException'{0x00000000d55d8148}> (0x00000000d55d8148) 
thrown [s\src\hotspot\share\prims\jni.cpp, line 520]
Event: 0.692 Thread 0x000001fa33b58ac0 Implicit null exception at 0x000001fa3e8ade49 to 0x000001fa3e8ae950
Event: 0.692 Thread 0x000001fa33b58ac0 Implicit null exception at 0x000001fa3e8a1e1a to 0x000001fa3e8a2020
Event: 0.692 Thread 0x000001fa33b58ac0 Exception <a 'java/lang/NoSuchMethodError'{0x00000000d57476a8}: 'void java.lang.invoke.DirectMethodHandle$Holder.invokeStatic(java.lang.Object, java.lang.Object, java.lang.Object, java.lang.Object)'> (0x00000000d57476a8) 
thrown [s\src\hotspot\share\interpreter\linkResolver.cpp, line 773]
Event: 0.693 Thread 0x000001fa33b58ac0 Implicit null exception at 0x000001fa3e8a9b1a to 0x000001fa3e8a9d24
Event: 0.693 Thread 0x000001fa33b58ac0 Implicit null exception at 0x000001fa3e89c43d to 0x000001fa3e89c4c1
Event: 0.747 Thread 0x000001fa33b58ac0 Exception <a 'java/lang/NoSuchMethodError'{0x00000000d59bdc98}: 'void java.lang.invoke.DirectMethodHandle$Holder.invokeSpecial(java.lang.Object, java.lang.Object, java.lang.Object)'> (0x00000000d59bdc98) 
thrown [s\src\hotspot\share\interpreter\linkResolver.cpp, line 773]
Event: 0.954 Thread 0x000001fa33b58ac0 Exception <a 'java/lang/NoSuchMethodError'{0x00000000d626ca78}: 'int java.lang.invoke.DirectMethodHandle$Holder.invokeVirtual(java.lang.Object, java.lang.Object)'> (0x00000000d626ca78) 
thrown [s\src\hotspot\share\interpreter\linkResolver.cpp, line 773]
Event: 0.989 Thread 0x000001fa33b58ac0 Exception <a 'java/lang/NoSuchMethodError'{0x00000000d63dedb8}: 'int java.lang.invoke.DirectMethodHandle$Holder.invokeStaticInit(java.lang.Object, java.lang.Object, java.lang.Object, java.lang.Object)'> (0x00000000d63dedb8) 
thrown [s\src\hotspot\share\interpreter\linkResolver.cpp, line 773]
Event: 0.990 Thread 0x000001fa33b58ac0 Exception <a 'java/lang/IncompatibleClassChangeError'{0x00000000d63e71c0}: Found class java.lang.Object, but interface was expected> (0x00000000d63e71c0) 
thrown [s\src\hotspot\share\interpreter\linkResolver.cpp, line 840]
Event: 0.990 Thread 0x000001fa33b58ac0 Exception <a 'java/lang/NoSuchMethodError'{0x00000000d63ed770}: 'void java.lang.invoke.DirectMethodHandle$Holder.invokeStaticInit(java.lang.Object, java.lang.Object)'> (0x00000000d63ed770) 
thrown [s\src\hotspot\share\interpreter\linkResolver.cpp, line 773]
Event: 0.991 Thread 0x000001fa33b58ac0 Exception <a 'java/lang/NoSuchMethodError'{0x00000000d63f6968}: 'int java.lang.invoke.DirectMethodHandle$Holder.invokeStaticInit(java.lang.Object, java.lang.Object)'> (0x00000000d63f6968) 
thrown [s\src\hotspot\share\interpreter\linkResolver.cpp, line 773]
Event: 1.062 Thread 0x000001fa33b58ac0 Exception <a 'java/lang/NoSuchMethodError'{0x00000000d663cba0}: 'java.lang.Object java.lang.invoke.DirectMethodHandle$Holder.newInvokeSpecial(java.lang.Object, int, java.lang.Object)'> (0x00000000d663cba0) 
thrown [s\src\hotspot\share\interpreter\linkResolver.cpp, line 773]
Event: 1.102 Thread 0x000001fa33b58ac0 Exception <a 'java/lang/ClassNotFoundException'{0x00000000d68552c8}: sun/net/www/protocol/plurl/Handler> (0x00000000d68552c8) 
thrown [s\src\hotspot\share\classfile\systemDictionary.cpp, line 312]
Event: 1.102 Thread 0x000001fa33b58ac0 Exception <a 'java/lang/ClassNotFoundException'{0x00000000d6856148}: sun/net/www/protocol/plurl/Handler> (0x00000000d6856148) 
thrown [s\src\hotspot\share\classfile\systemDictionary.cpp, line 312]
Event: 1.219 Thread 0x000001fa33b58ac0 Exception <a 'java/lang/UnsatisfiedLinkError'{0x00000000d6c554d0}: 'void org.eclipse.equinox.launcher.JNIBridge._update_splash()'> (0x00000000d6c554d0) 
thrown [s\src\hotspot\share\prims\nativeLookup.cpp, line 415]

ZGC Phase Switch (0 events):
No events

VM Operations (20 events):
Event: 0.147 Executing VM operation: HandshakeAllThreads (Deoptimize)
Event: 0.147 Executing VM operation: HandshakeAllThreads (Deoptimize) done
Event: 0.427 Executing VM operation: HandshakeAllThreads (Deoptimize)
Event: 0.427 Executing VM operation: HandshakeAllThreads (Deoptimize) done
Event: 0.441 Executing VM operation: HandshakeAllThreads (Deoptimize)
Event: 0.441 Executing VM operation: HandshakeAllThreads (Deoptimize) done
Event: 0.609 Executing VM operation: ICBufferFull
Event: 0.609 Executing VM operation: ICBufferFull done
Event: 0.631 Executing VM operation: HandshakeAllThreads (Deoptimize)
Event: 0.631 Executing VM operation: HandshakeAllThreads (Deoptimize) done
Event: 0.643 Executing VM operation: ParallelGCFailedAllocation (Allocation Failure)
Event: 0.649 Executing VM operation: ParallelGCFailedAllocation (Allocation Failure) done
Event: 1.044 Executing VM operation: HandshakeAllThreads (Deoptimize)
Event: 1.045 Executing VM operation: HandshakeAllThreads (Deoptimize) done
Event: 1.053 Executing VM operation: HandshakeAllThreads (Deoptimize)
Event: 1.053 Executing VM operation: HandshakeAllThreads (Deoptimize) done
Event: 1.091 Executing VM operation: HandshakeAllThreads (Deoptimize)
Event: 1.091 Executing VM operation: HandshakeAllThreads (Deoptimize) done
Event: 1.099 Executing VM operation: HandshakeAllThreads (Deoptimize)
Event: 1.099 Executing VM operation: HandshakeAllThreads (Deoptimize) done

Memory protections (0 events):
No events

Nmethod flushes (0 events):
No events

Events (16 events):
Event: 0.027 Thread 0x000001fa33b58ac0 Thread added: 0x000001fa33b58ac0
Event: 0.053 Thread 0x000001fa33b58ac0 Thread added: 0x000001fa4a5cb4f0
Event: 0.053 Thread 0x000001fa33b58ac0 Thread added: 0x000001fa4a5ccd50
Event: 0.053 Thread 0x000001fa33b58ac0 Thread added: 0x000001fa4a5cf040
Event: 0.053 Thread 0x000001fa33b58ac0 Thread added: 0x000001fa4a5cff50
Event: 0.053 Thread 0x000001fa33b58ac0 Thread added: 0x000001fa4a5d2660
Event: 0.053 Thread 0x000001fa33b58ac0 Thread added: 0x000001fa4a5d6ce0
Event: 0.053 Thread 0x000001fa33b58ac0 Thread added: 0x000001fa4a5d8070
Event: 0.054 Thread 0x000001fa33b58ac0 Thread added: 0x000001fa4a60b4a0
Event: 0.109 Thread 0x000001fa33b58ac0 Thread added: 0x000001fa911ff1d0
Event: 0.198 Thread 0x000001fa4a60b4a0 Thread added: 0x000001fa91248720
Event: 0.291 Thread 0x000001fa33b58ac0 Thread added: 0x000001fa9138c030
Event: 0.426 Thread 0x000001fa4a60b4a0 Thread added: 0x000001fa914d36b0
Event: 0.999 Thread 0x000001fa33b58ac0 Thread added: 0x000001fa918b9140
Event: 1.215 Thread 0x000001fa33b58ac0 Thread added: 0x000001fa91dd6ec0
Event: 1.217 Thread 0x000001fa33b58ac0 Thread added: 0x000001fa91cab970


Dynamic libraries:
0x00007ff6ce820000 - 0x00007ff6ce82e000 	c:\Users\YNC10\.vscode\extensions\redhat.java-1.50.0-win32-x64\jre\21.0.9-win32-x86_64\bin\java.exe
0x00007ffa41790000 - 0x00007ffa41988000 	C:\WINDOWS\SYSTEM32\ntdll.dll
0x00007ffa3fad0000 - 0x00007ffa3fb8f000 	C:\WINDOWS\System32\KERNEL32.DLL
0x00007ffa3f4c0000 - 0x00007ffa3f7b6000 	C:\WINDOWS\System32\KERNELBASE.dll
0x00007ffa3f3c0000 - 0x00007ffa3f4c0000 	C:\WINDOWS\System32\ucrtbase.dll
0x00007ffa2aae0000 - 0x00007ffa2aaf8000 	c:\Users\YNC10\.vscode\extensions\redhat.java-1.50.0-win32-x64\jre\21.0.9-win32-x86_64\bin\jli.dll
0x00007ffa26760000 - 0x00007ffa2677e000 	c:\Users\YNC10\.vscode\extensions\redhat.java-1.50.0-win32-x64\jre\21.0.9-win32-x86_64\bin\VCRUNTIME140.dll
0x00007ffa3fdf0000 - 0x00007ffa3ff8d000 	C:\WINDOWS\System32\USER32.dll
0x00007ffa3f070000 - 0x00007ffa3f092000 	C:\WINDOWS\System32\win32u.dll
0x00007ffa3faa0000 - 0x00007ffa3facc000 	C:\WINDOWS\System32\GDI32.dll
0x00007ffa3f140000 - 0x00007ffa3f255000 	C:\WINDOWS\System32\gdi32full.dll
0x00007ffa3f0a0000 - 0x00007ffa3f13d000 	C:\WINDOWS\System32\msvcp_win.dll
0x00007ffa3e360000 - 0x00007ffa3e5fa000 	C:\WINDOWS\WinSxS\amd64_microsoft.windows.common-controls_6595b64144ccf1df_6.0.19041.1110_none_60b5254171f9507e\COMCTL32.dll
0x00007ffa3fbb0000 - 0x00007ffa3fc4e000 	C:\WINDOWS\System32\msvcrt.dll
0x00007ffa403a0000 - 0x00007ffa403d0000 	C:\WINDOWS\System32\IMM32.DLL
0x00007ffa38b40000 - 0x00007ffa38b4c000 	c:\Users\YNC10\.vscode\extensions\redhat.java-1.50.0-win32-x64\jre\21.0.9-win32-x86_64\bin\vcruntime140_1.dll
0x00007ff9f86d0000 - 0x00007ff9f875d000 	c:\Users\YNC10\.vscode\extensions\redhat.java-1.50.0-win32-x64\jre\21.0.9-win32-x86_64\bin\msvcp140.dll
0x00007ff98cab0000 - 0x00007ff98d850000 	c:\Users\YNC10\.vscode\extensions\redhat.java-1.50.0-win32-x64\jre\21.0.9-win32-x86_64\bin\server\jvm.dll
0x00007ffa41340000 - 0x00007ffa413ef000 	C:\WINDOWS\System32\ADVAPI32.dll
0x00007ffa3fd50000 - 0x00007ffa3fdec000 	C:\WINDOWS\System32\sechost.dll
0x00007ffa3f910000 - 0x00007ffa3fa36000 	C:\WINDOWS\System32\RPCRT4.dll
0x00007ffa404f0000 - 0x00007ffa4055b000 	C:\WINDOWS\System32\WS2_32.dll
0x00007ffa3ea90000 - 0x00007ffa3eadb000 	C:\WINDOWS\SYSTEM32\POWRPROF.dll
0x00007ffa27b30000 - 0x00007ffa27b57000 	C:\WINDOWS\SYSTEM32\WINMM.dll
0x00007ffa36960000 - 0x00007ffa3696a000 	C:\WINDOWS\SYSTEM32\VERSION.dll
0x00007ffa3e7c0000 - 0x00007ffa3e7d2000 	C:\WINDOWS\SYSTEM32\UMPDC.dll
0x00007ffa3c850000 - 0x00007ffa3c862000 	C:\WINDOWS\SYSTEM32\kernel.appcore.dll
0x00007ffa38000000 - 0x00007ffa3800a000 	c:\Users\YNC10\.vscode\extensions\redhat.java-1.50.0-win32-x64\jre\21.0.9-win32-x86_64\bin\jimage.dll
0x00007ffa3e8a0000 - 0x00007ffa3ea84000 	C:\WINDOWS\SYSTEM32\DBGHELP.DLL
0x00007ffa3e7e0000 - 0x00007ffa3e814000 	C:\WINDOWS\SYSTEM32\dbgcore.DLL
0x00007ffa3eee0000 - 0x00007ffa3ef62000 	C:\WINDOWS\System32\bcryptPrimitives.dll
0x00007ffa367e0000 - 0x00007ffa367ef000 	c:\Users\YNC10\.vscode\extensions\redhat.java-1.50.0-win32-x64\jre\21.0.9-win32-x86_64\bin\instrument.dll
0x00007ffa19b40000 - 0x00007ffa19b60000 	c:\Users\YNC10\.vscode\extensions\redhat.java-1.50.0-win32-x64\jre\21.0.9-win32-x86_64\bin\java.dll
0x00007ffa40a60000 - 0x00007ffa411a4000 	C:\WINDOWS\System32\SHELL32.dll
0x00007ffa3cfd0000 - 0x00007ffa3d763000 	C:\WINDOWS\SYSTEM32\windows.storage.dll
0x00007ffa3ff90000 - 0x00007ffa402e4000 	C:\WINDOWS\System32\combase.dll
0x00007ffa3e1d0000 - 0x00007ffa3e1fe000 	C:\WINDOWS\SYSTEM32\Wldp.dll
0x00007ffa402f0000 - 0x00007ffa4039d000 	C:\WINDOWS\System32\SHCORE.dll
0x00007ffa3fa40000 - 0x00007ffa3fa95000 	C:\WINDOWS\System32\shlwapi.dll
0x00007ffa3edb0000 - 0x00007ffa3edcf000 	C:\WINDOWS\SYSTEM32\profapi.dll
0x00007ffa11a50000 - 0x00007ffa11a68000 	c:\Users\YNC10\.vscode\extensions\redhat.java-1.50.0-win32-x64\jre\21.0.9-win32-x86_64\bin\zip.dll
0x00007ffa2fdf0000 - 0x00007ffa2fe00000 	C:\Users\YNC10\.vscode\extensions\redhat.java-1.50.0-win32-x64\jre\21.0.9-win32-x86_64\bin\net.dll
0x00007ffa39660000 - 0x00007ffa3976a000 	C:\WINDOWS\SYSTEM32\WINHTTP.dll
0x00007ffa3df30000 - 0x00007ffa3df9a000 	C:\WINDOWS\system32\mswsock.dll
0x00007ffa2bac0000 - 0x00007ffa2bad6000 	C:\Users\YNC10\.vscode\extensions\redhat.java-1.50.0-win32-x64\jre\21.0.9-win32-x86_64\bin\nio.dll
0x00007ffa2bd10000 - 0x00007ffa2bd20000 	c:\Users\YNC10\.vscode\extensions\redhat.java-1.50.0-win32-x64\jre\21.0.9-win32-x86_64\bin\verify.dll
0x00007ffa07750000 - 0x00007ffa07794000 	C:\Users\YNC10\AppData\Roaming\Code\User\globalStorage\redhat.java\1.50.0\config_ss_win\org.eclipse.equinox.launcher\org.eclipse.equinox.launcher.win32.win32.x86_64_1.2.1400.v20250801-0854\eclipse_11916.dll
0x00007ffa415a0000 - 0x00007ffa416ca000 	C:\WINDOWS\System32\ole32.dll

JVMTI agents:
c:\Users\YNC10\.vscode\extensions\redhat.java-1.50.0-win32-x64\lombok\lombok-1.18.39-4050.jar path:c:\Users\YNC10\.vscode\extensions\redhat.java-1.50.0-win32-x64\jre\21.0.9-win32-x86_64\bin\instrument.dll, loaded, initialized, instrumentlib options:none

dbghelp: loaded successfully - version: 4.0.5 - missing functions: none
symbol engine: initialized successfully - sym options: 0x614 - pdb path: .;c:\Users\YNC10\.vscode\extensions\redhat.java-1.50.0-win32-x64\jre\21.0.9-win32-x86_64\bin;C:\WINDOWS\SYSTEM32;C:\WINDOWS\WinSxS\amd64_microsoft.windows.common-controls_6595b64144ccf1df_6.0.19041.1110_none_60b5254171f9507e;c:\Users\YNC10\.vscode\extensions\redhat.java-1.50.0-win32-x64\jre\21.0.9-win32-x86_64\bin\server;C:\Users\YNC10\AppData\Roaming\Code\User\globalStorage\redhat.java\1.50.0\config_ss_win\org.eclipse.equinox.launcher\org.eclipse.equinox.launcher.win32.win32.x86_64_1.2.1400.v20250801-0854

VM Arguments:
jvm_args: -Djava.net.preferIPv4Stack=true --add-modules=ALL-SYSTEM --add-opens=java.base/java.util=ALL-UNNAMED --add-opens=java.base/java.lang=ALL-UNNAMED --add-opens=java.base/sun.nio.fs=ALL-UNNAMED -Declipse.application=org.eclipse.jdt.ls.core.id1 -Dosgi.bundles.defaultStartLevel=4 -Declipse.product=org.eclipse.jdt.ls.core.product -Djava.import.generatesMetadataFilesAtProjectRoot=false -DDetectVMInstallationsJob.disabled=true -Dfile.encoding=utf8 -XX:+UseParallelGC -XX:GCTimeRatio=4 -XX:AdaptiveSizePolicyWeight=90 -Dsun.zip.disableMemoryMapping=true -Xmx2G -Xms100m -Xlog:disable -javaagent:c:\Users\YNC10\.vscode\extensions\redhat.java-1.50.0-win32-x64\lombok\lombok-1.18.39-4050.jar 
java_command: c:\Users\YNC10\.vscode\extensions\redhat.java-1.50.0-win32-x64\server\plugins\org.eclipse.equinox.launcher_1.7.100.v20251111-0406.jar -configuration c:\Users\YNC10\AppData\Roaming\Code\User\globalStorage\redhat.java\1.50.0\config_ss_win -data c:\Users\YNC10\AppData\Roaming\Code\User\workspaceStorage\3d0d5f10d355c0388c649a7a5353bc32\redhat.java\ss_ws --pipe=\\.\pipe\lsp-d823e5e0c0c15a056601a9eddaa0890c-sock
java_class_path (initial): c:\Users\YNC10\.vscode\extensions\redhat.java-1.50.0-win32-x64\server\plugins\org.eclipse.equinox.launcher_1.7.100.v20251111-0406.jar
Launcher Type: SUN_STANDARD

[Global flags]
    uintx AdaptiveSizePolicyWeight                 = 90                                        {product} {command line}
     intx CICompilerCount                          = 4                                         {product} {ergonomic}
    uintx GCTimeRatio                              = 4                                         {product} {command line}
   size_t InitialHeapSize                          = 104857600                                 {product} {command line}
   size_t MaxHeapSize                              = 2147483648                                {product} {command line}
   size_t MaxNewSize                               = 715653120                                 {product} {ergonomic}
   size_t MinHeapDeltaBytes                        = 524288                                    {product} {ergonomic}
   size_t MinHeapSize                              = 104857600                                 {product} {command line}
   size_t NewSize                                  = 34603008                                  {product} {ergonomic}
    uintx NonNMethodCodeHeapSize                   = 5839372                                {pd product} {ergonomic}
    uintx NonProfiledCodeHeapSize                  = 122909434                              {pd product} {ergonomic}
   size_t OldSize                                  = 70254592                                  {product} {ergonomic}
    uintx ProfiledCodeHeapSize                     = 122909434                              {pd product} {ergonomic}
    uintx ReservedCodeCacheSize                    = 251658240                              {pd product} {ergonomic}
     bool SegmentedCodeCache                       = true                                      {product} {ergonomic}
   size_t SoftMaxHeapSize                          = 2147483648                             {manageable} {ergonomic}
     bool UseCompressedOops                        = true                           {product lp64_product} {ergonomic}
     bool UseLargePagesIndividualAllocation        = false                                  {pd product} {ergonomic}
     bool UseParallelGC                            = true                                      {product} {command line}

Logging:
Log output configuration:
 #0: stdout all=off uptime,level,tags foldmultilines=false
 #1: stderr all=off uptime,level,tags foldmultilines=false

Release file:
JAVA_VERSION="21.0.9" 
MODULES="java.base java.compiler java.datatransfer java.xml java.prefs java.desktop java.instrument java.logging java.management java.security.sasl java.naming java.rmi java.management.rmi java.net.http java.scripting java.security.jgss java.transaction.xa java.sql java.sql.rowset java.xml.crypto java.se java.smartcardio jdk.accessibility jdk.internal.jvmstat jdk.attach jdk.charsets jdk.internal.opt jdk.zipfs jdk.compiler jdk.crypto.ec jdk.crypto.cryptoki jdk.crypto.mscapi jdk.dynalink jdk.internal.ed jdk.editpad jdk.hotspot.agent jdk.httpserver jdk.internal.le jdk.internal.vm.ci jdk.internal.vm.compiler jdk.internal.vm.compiler.management jdk.jartool jdk.javadoc jdk.jcmd jdk.management jdk.management.agent jdk.jconsole jdk.jdeps jdk.jdwp.agent jdk.jdi jdk.jfr jdk.jshell jdk.jsobject jdk.jstatd jdk.localedata jdk.management.jfr jdk.naming.dns jdk.naming.rmi jdk.net jdk.nio.mapmode jdk.random jdk.sctp jdk.security.auth jdk.security.jgss jdk.unsupported jdk.unsupported.desktop jdk.xml.dom" 

Environment Variables:
JAVA_HOME=C:\Program Files\Java\jdk1.8.0_301
JAVA_TOOL_OPTIONS=-Djava.net.preferIPv4Stack=true
PATH=C:\app\YNC10\product\21c\dbhomeXE\bin;C:\Program Files\Common Files\Microsoft Shared\Microsoft Online Services;C:\Program Files (x86)\Common Files\Microsoft Shared\Microsoft Online Services;C:\WINDOWS\system32;C:\WINDOWS;C:\WINDOWS\System32\Wbem;C:\WINDOWS\System32\WindowsPowerShell\v1.0\;C:\WINDOWS\System32\OpenSSH\;C:\WINDOWS\system32\config\systemprofile\.dnx\bin;C:\Program Files\Microsoft DNX\Dnvm\;C:\Program Files\Microsoft SQL Server\130\Tools\Binn\;C:\Program Files\Java\jdk1.8.0_301\bin;C:\Program Files\Java\jdk1.8.0_301;C:\Program Files\TortoiseSVN\bin;C:\Program Files\Git\cmd;C:\Users\YNC10\AppData\Local\Microsoft\WindowsApps;C:\Program Files\Bandizip\;C:\Users\YNC10\AppData\Local\GitHubDesktop\bin;C:\Users\YNC10\AppData\Local\Programs\Microsoft VS Code\bin
USERNAME=YNC10
OS=Windows_NT
PROCESSOR_IDENTIFIER=Intel64 Family 6 Model 140 Stepping 1, GenuineIntel
TMP=C:\Users\YNC10\AppData\Local\Temp
TEMP=C:\Users\YNC10\AppData\Local\Temp




Periodic native trim disabled

---------------  S Y S T E M  ---------------

OS:
 Windows 10 , 64 bit Build 19041 (10.0.19041.2913)
OS uptime: 6 days 4:22 hours

CPU: total 8 (initial active 8) (4 cores per cpu, 2 threads per core) family 6 model 140 stepping 1 microcode 0x6e, cx8, cmov, fxsr, ht, mmx, 3dnowpref, sse, sse2, sse3, ssse3, sse4.1, sse4.2, popcnt, lzcnt, tsc, tscinvbit, avx, avx2, aes, erms, clmul, bmi1, bmi2, adx, avx512f, avx512dq, avx512cd, avx512bw, avx512vl, sha, fma, vzeroupper, avx512_vpopcntdq, avx512_vpclmulqdq, avx512_vaes, avx512_vnni, clflush, clflushopt, clwb, avx512_vbmi2, avx512_vbmi, rdtscp, rdpid, fsrm, gfni, avx512_bitalg, f16c, pku, cet_ibt, cet_ss, avx512_ifma
Processor Information for the first 8 processors :
  Max Mhz: 2803, Current Mhz: 2803, Mhz Limit: 2803

Memory: 4k page, system-wide physical 16183M (2566M free)
TotalPageFile size 24375M (AvailPageFile size 200M)
current process WorkingSet (physical memory assigned to process): 89M, peak: 90M
current process commit charge ("private bytes"): 242M, peak: 243M

vm_info: OpenJDK 64-Bit Server VM (21.0.9+10-LTS) for windows-amd64 JRE (21.0.9+10-LTS), built on 2025-10-21T00:00:00Z by "admin" with unknown MS VC++:1942

END.
