#
# There is insufficient memory for the Java Runtime Environment to continue.
# Native memory allocation (malloc) failed to allocate 1048576 bytes. Error detail: AllocateHeap
# Possible reasons:
#   The system is out of physical RAM or swap space
#   This process is running with CompressedOops enabled, and the Java Heap may be blocking the growth of the native heap
# Possible solutions:
#   Reduce memory load on the system
#   Increase physical memory or swap space
#   Check if swap backing store is full
#   Decrease Java heap size (-Xmx/-Xms)
#   Decrease number of Java threads
#   Decrease Java thread stack sizes (-Xss)
#   Set larger code cache with -XX:ReservedCodeCacheSize=
#   JVM is running with Unscaled Compressed Oops mode in which the Java heap is
#     placed in the first 4GB address space. The Java Heap base address is the
#     maximum limit for the native heap growth. Please use -XX:HeapBaseMinAddress
#     to set the Java Heap base and to place the Java Heap above 4GB virtual address.
# This output file may be truncated or incomplete.
#
#  Out of Memory Error (allocation.cpp:44), pid=122428, tid=214356
#
# JRE version: OpenJDK Runtime Environment Temurin-21.0.9+10 (21.0.9+10) (build 21.0.9+10-LTS)
# Java VM: OpenJDK 64-Bit Server VM Temurin-21.0.9+10 (21.0.9+10-LTS, mixed mode, sharing, tiered, compressed oops, compressed class ptrs, parallel gc, windows-amd64)
# No core dump will be written. Minidumps are not enabled by default on client versions of Windows
#

---------------  S U M M A R Y ------------

Command Line: -Djava.net.preferIPv4Stack=true --add-modules=ALL-SYSTEM --add-opens=java.base/java.util=ALL-UNNAMED --add-opens=java.base/java.lang=ALL-UNNAMED --add-opens=java.base/sun.nio.fs=ALL-UNNAMED -Declipse.application=org.eclipse.jdt.ls.core.id1 -Dosgi.bundles.defaultStartLevel=4 -Declipse.product=org.eclipse.jdt.ls.core.product -Djava.import.generatesMetadataFilesAtProjectRoot=false -DDetectVMInstallationsJob.disabled=true -Dfile.encoding=utf8 -XX:+UseParallelGC -XX:GCTimeRatio=4 -XX:AdaptiveSizePolicyWeight=90 -Dsun.zip.disableMemoryMapping=true -Xmx2G -Xms100m -Xlog:disable -javaagent:c:\Users\YNC10\.vscode\extensions\redhat.java-1.50.0-win32-x64\lombok\lombok-1.18.39-4050.jar -XX:+HeapDumpOnOutOfMemoryError -XX:HeapDumpPath=c:\Users\YNC10\AppData\Roaming\Code\User\workspaceStorage\3d0d5f10d355c0388c649a7a5353bc32\redhat.java -Daether.dependencyCollector.impl=bf c:\Users\YNC10\.vscode\extensions\redhat.java-1.50.0-win32-x64\server\plugins\org.eclipse.equinox.launcher_1.7.100.v20251111-0406.jar -configuration c:\Users\YNC10\AppData\Roaming\Code\User\globalStorage\redhat.java\1.50.0\config_win -data c:\Users\YNC10\AppData\Roaming\Code\User\workspaceStorage\3d0d5f10d355c0388c649a7a5353bc32\redhat.java\jdt_ws --pipe=\\.\pipe\lsp-879d893720d33432d2b6336c8873623a-sock

Host: 11th Gen Intel(R) Core(TM) i7-1165G7 @ 2.80GHz, 8 cores, 15G,  Windows 10 , 64 bit Build 19041 (10.0.19041.2913)
Time: Mon Jan  5 14:53:35 2026 elapsed time: 8989.589585 seconds (0d 2h 29m 49s)

---------------  T H R E A D  ---------------

Current thread (0x000001c613860c40):  JavaThread "Attach Listener" daemon [_thread_in_vm, id=214356, stack(0x0000004e0ab00000,0x0000004e0ac00000) (1024K)]

Stack: [0x0000004e0ab00000,0x0000004e0ac00000]
Native frames: (J=compiled Java code, j=interpreted, Vv=VM code, C=native code)
V  [jvm.dll+0x6d6e29]
V  [jvm.dll+0x8b4b76]
V  [jvm.dll+0x8b712e]
V  [jvm.dll+0x8b7813]
V  [jvm.dll+0x283d86]
V  [jvm.dll+0xc1277]
V  [jvm.dll+0x6d76d9]
V  [jvm.dll+0x133466]
V  [jvm.dll+0x3f7ea6]
V  [jvm.dll+0x85e9ad]
V  [jvm.dll+0x6d565d]
C  [ucrtbase.dll+0x21bb2]
C  [KERNEL32.DLL+0x17614]
C  [ntdll.dll+0x526a1]


---------------  P R O C E S S  ---------------

Threads class SMR info:
_java_thread_list=0x000001c6639e8100, length=34, elements={
0x000001c67cc379f0, 0x000001c61385c270, 0x000001c61385da10, 0x000001c61385fc40,
0x000001c613860c40, 0x000001c613862af0, 0x000001c613863830, 0x000001c613864950,
0x000001c6138ae7c0, 0x000001c65652c7f0, 0x000001c65663b0b0, 0x000001c656cca450,
0x000001c656e15ef0, 0x000001c656c1c5c0, 0x000001c65b1727f0, 0x000001c65b672830,
0x000001c65b3a2770, 0x000001c65b8f0d60, 0x000001c65b8f1a80, 0x000001c65b8f3b50,
0x000001c65b8f41e0, 0x000001c65f104300, 0x000001c65f0fd370, 0x000001c65f103c70,
0x000001c65f0fedb0, 0x000001c65f0ffad0, 0x000001c65f104990, 0x000001c65f102230,
0x000001c65f0ff440, 0x000001c65f100160, 0x000001c65f101510, 0x000001c65f1028c0,
0x000001c65f102f50, 0x000001c65dc460d0
}

Java Threads: ( => current thread )
  0x000001c67cc379f0 JavaThread "main"                              [_thread_blocked, id=152284, stack(0x0000004e0a400000,0x0000004e0a500000) (1024K)]
  0x000001c61385c270 JavaThread "Reference Handler"          daemon [_thread_blocked, id=47444, stack(0x0000004e0a800000,0x0000004e0a900000) (1024K)]
  0x000001c61385da10 JavaThread "Finalizer"                  daemon [_thread_blocked, id=208752, stack(0x0000004e0a900000,0x0000004e0aa00000) (1024K)]
  0x000001c61385fc40 JavaThread "Signal Dispatcher"          daemon [_thread_blocked, id=75820, stack(0x0000004e0aa00000,0x0000004e0ab00000) (1024K)]
=>0x000001c613860c40 JavaThread "Attach Listener"            daemon [_thread_in_vm, id=214356, stack(0x0000004e0ab00000,0x0000004e0ac00000) (1024K)]
  0x000001c613862af0 JavaThread "Service Thread"             daemon [_thread_blocked, id=20788, stack(0x0000004e0ac00000,0x0000004e0ad00000) (1024K)]
  0x000001c613863830 JavaThread "Monitor Deflation Thread"   daemon [_thread_blocked, id=218196, stack(0x0000004e0ad00000,0x0000004e0ae00000) (1024K)]
  0x000001c613864950 JavaThread "C2 CompilerThread0"         daemon [_thread_blocked, id=152504, stack(0x0000004e0ae00000,0x0000004e0af00000) (1024K)]
  0x000001c6138ae7c0 JavaThread "C1 CompilerThread0"         daemon [_thread_blocked, id=214304, stack(0x0000004e0af00000,0x0000004e0b000000) (1024K)]
  0x000001c65652c7f0 JavaThread "Common-Cleaner"             daemon [_thread_blocked, id=55076, stack(0x0000004e0b100000,0x0000004e0b200000) (1024K)]
  0x000001c65663b0b0 JavaThread "Notification Thread"        daemon [_thread_blocked, id=55480, stack(0x0000004e0b200000,0x0000004e0b300000) (1024K)]
  0x000001c656cca450 JavaThread "Active Thread: Equinox Container: ca0e6c95-22f2-44ff-a581-df8cf495f6ce"        [_thread_blocked, id=90860, stack(0x0000004e0ba00000,0x0000004e0bb00000) (1024K)]
  0x000001c656e15ef0 JavaThread "Refresh Thread: Equinox Container: ca0e6c95-22f2-44ff-a581-df8cf495f6ce" daemon [_thread_blocked, id=76884, stack(0x0000004e0b000000,0x0000004e0b100000) (1024K)]
  0x000001c656c1c5c0 JavaThread "Framework Event Dispatcher: Equinox Container: ca0e6c95-22f2-44ff-a581-df8cf495f6ce" daemon [_thread_blocked, id=107832, stack(0x0000004e0bb00000,0x0000004e0bc00000) (1024K)]
  0x000001c65b1727f0 JavaThread "Start Level: Equinox Container: ca0e6c95-22f2-44ff-a581-df8cf495f6ce" daemon [_thread_blocked, id=88192, stack(0x0000004e0bc00000,0x0000004e0bd00000) (1024K)]
  0x000001c65b672830 JavaThread "Bundle File Closer"         daemon [_thread_blocked, id=218620, stack(0x0000004e0be00000,0x0000004e0bf00000) (1024K)]
  0x000001c65b3a2770 JavaThread "SCR Component Actor"        daemon [_thread_blocked, id=106860, stack(0x0000004e0bd00000,0x0000004e0be00000) (1024K)]
  0x000001c65b8f0d60 JavaThread "Worker-JM"                         [_thread_blocked, id=80688, stack(0x0000004e0c100000,0x0000004e0c200000) (1024K)]
  0x000001c65b8f1a80 JavaThread "JNA Cleaner"                daemon [_thread_blocked, id=195148, stack(0x0000004e0c000000,0x0000004e0c100000) (1024K)]
  0x000001c65b8f3b50 JavaThread "Java indexing"              daemon [_thread_blocked, id=224800, stack(0x0000004e0c600000,0x0000004e0c700000) (1024K)]
  0x000001c65b8f41e0 JavaThread "Worker-3"                          [_thread_blocked, id=143056, stack(0x0000004e0c700000,0x0000004e0c800000) (1024K)]
  0x000001c65f104300 JavaThread "Thread-1"                   daemon [_thread_in_native, id=57924, stack(0x0000004e0ca00000,0x0000004e0cb00000) (1024K)]
  0x000001c65f0fd370 JavaThread "Thread-2"                   daemon [_thread_in_native, id=187368, stack(0x0000004e0cb00000,0x0000004e0cc00000) (1024K)]
  0x000001c65f103c70 JavaThread "Thread-3"                   daemon [_thread_in_native, id=193972, stack(0x0000004e0cc00000,0x0000004e0cd00000) (1024K)]
  0x000001c65f0fedb0 JavaThread "Thread-4"                   daemon [_thread_in_native, id=49408, stack(0x0000004e0cd00000,0x0000004e0ce00000) (1024K)]
  0x000001c65f0ffad0 JavaThread "Thread-5"                   daemon [_thread_in_native, id=151744, stack(0x0000004e0ce00000,0x0000004e0cf00000) (1024K)]
  0x000001c65f104990 JavaThread "Thread-6"                   daemon [_thread_in_native, id=46996, stack(0x0000004e0cf00000,0x0000004e0d000000) (1024K)]
  0x000001c65f102230 JavaThread "Thread-7"                   daemon [_thread_in_native, id=194720, stack(0x0000004e0d000000,0x0000004e0d100000) (1024K)]
  0x000001c65f0ff440 JavaThread "Thread-8"                   daemon [_thread_in_native, id=219508, stack(0x0000004e0d100000,0x0000004e0d200000) (1024K)]
  0x000001c65f100160 JavaThread "Thread-9"                   daemon [_thread_in_native, id=81020, stack(0x0000004e0d200000,0x0000004e0d300000) (1024K)]
  0x000001c65f101510 JavaThread "pool-2-thread-1"                   [_thread_blocked, id=159768, stack(0x0000004e0d500000,0x0000004e0d600000) (1024K)]
  0x000001c65f1028c0 JavaThread "WorkspaceEventsHandler"            [_thread_blocked, id=209660, stack(0x0000004e0d600000,0x0000004e0d700000) (1024K)]
  0x000001c65f102f50 JavaThread "pool-1-thread-1"                   [_thread_blocked, id=45352, stack(0x0000004e0d700000,0x0000004e0d800000) (1024K)]
  0x000001c65dc460d0 JavaThread "Worker-7"                          [_thread_blocked, id=222564, stack(0x0000004e0c800000,0x0000004e0c900000) (1024K)]
Total: 34

Other Threads:
  0x000001c61383c160 VMThread "VM Thread"                           [id=93896, stack(0x0000004e0a700000,0x0000004e0a800000) (1024K)]
  0x000001c613731920 WatcherThread "VM Periodic Task Thread"        [id=216472, stack(0x0000004e0a600000,0x0000004e0a700000) (1024K)]
  0x000001c67cc56020 WorkerThread "GC Thread#0"                     [id=52028, stack(0x0000004e0a500000,0x0000004e0a600000) (1024K)]
  0x000001c65696b3f0 WorkerThread "GC Thread#1"                     [id=160680, stack(0x0000004e0b400000,0x0000004e0b500000) (1024K)]
  0x000001c65696b790 WorkerThread "GC Thread#2"                     [id=181740, stack(0x0000004e0b500000,0x0000004e0b600000) (1024K)]
  0x000001c65696bb30 WorkerThread "GC Thread#3"                     [id=77156, stack(0x0000004e0b600000,0x0000004e0b700000) (1024K)]
  0x000001c65696bed0 WorkerThread "GC Thread#4"                     [id=96528, stack(0x0000004e0b700000,0x0000004e0b800000) (1024K)]
  0x000001c65696c270 WorkerThread "GC Thread#5"                     [id=61840, stack(0x0000004e0b800000,0x0000004e0b900000) (1024K)]
  0x000001c656cdd2d0 WorkerThread "GC Thread#6"                     [id=112808, stack(0x0000004e0b900000,0x0000004e0ba00000) (1024K)]
  0x000001c656e169a0 WorkerThread "GC Thread#7"                     [id=78376, stack(0x0000004e0b300000,0x0000004e0b400000) (1024K)]
Total: 10

Threads with active compile tasks:
Total: 0

VM state: not at safepoint (normal execution)

VM Mutex/Monitor currently owned by a thread: None

Heap address: 0x0000000080000000, size: 2048 MB, Compressed Oops mode: 32-bit

CDS archive(s) mapped at: [0x000001c614000000-0x000001c614ba0000-0x000001c614ba0000), size 12189696, SharedBaseAddress: 0x000001c614000000, ArchiveRelocationMode: 1.
Compressed class space mapped at: 0x000001c615000000-0x000001c655000000, reserved size: 1073741824
Narrow klass base: 0x000001c614000000, Narrow klass shift: 0, Narrow klass range: 0x100000000

GC Precious Log:
 CardTable entry size: 512
 CPUs: 8 total, 8 available
 Memory: 16183M
 Large Page Support: Disabled
 NUMA Support: Disabled
 Compressed Oops: Enabled (32-bit)
 Alignments: Space 512K, Generation 512K, Heap 2M
 Heap Min Capacity: 100M
 Heap Initial Capacity: 100M
 Heap Max Capacity: 2G
 Pre-touch: Disabled
 Parallel Workers: 8

Heap:
 PSYoungGen      total 8704K, used 6418K [0x00000000d5580000, 0x00000000d6000000, 0x0000000100000000)
  eden space 6144K, 85% used [0x00000000d5580000,0x00000000d5a9b770,0x00000000d5b80000)
  from space 2560K, 46% used [0x00000000d5b80000,0x00000000d5ca9210,0x00000000d5e00000)
  to   space 1536K, 0% used [0x00000000d5e80000,0x00000000d5e80000,0x00000000d6000000)
 ParOldGen       total 304128K, used 304062K [0x0000000080000000, 0x0000000092900000, 0x00000000d5580000)
  object space 304128K, 99% used [0x0000000080000000,0x00000000928ef838,0x0000000092900000)
 Metaspace       used 67924K, committed 69504K, reserved 1114112K
  class space    used 6941K, committed 7616K, reserved 1048576K

Card table byte_map: [0x000001c67c5f0000,0x000001c67ca00000] _byte_map_base: 0x000001c67c1f0000

Marking Bits: (ParMarkBitMap*) 0x00007ff98d772460
 Begin Bits: [0x000001c60f2b0000, 0x000001c6112b0000)
 End Bits:   [0x000001c6112b0000, 0x000001c6132b0000)

Polling page: 0x000001c67ab80000

Metaspace:

Usage:
  Non-class:     59.55 MB used.
      Class:      6.78 MB used.
       Both:     66.33 MB used.

Virtual space:
  Non-class space:       64.00 MB reserved,      60.44 MB ( 94%) committed,  1 nodes.
      Class space:        1.00 GB reserved,       7.44 MB ( <1%) committed,  1 nodes.
             Both:        1.06 GB reserved,      67.88 MB (  6%) committed. 

Chunk freelists:
   Non-Class:  3.16 MB
       Class:  8.46 MB
        Both:  11.61 MB

MaxMetaspaceSize: unlimited
CompressedClassSpaceSize: 1.00 GB
Initial GC threshold: 21.00 MB
Current GC threshold: 97.31 MB
CDS: on
 - commit_granule_bytes: 65536.
 - commit_granule_words: 8192.
 - virtual_space_node_default_size: 8388608.
 - enlarge_chunks_in_place: 1.
 - use_allocation_guard: 0.


Internal statistics:

num_allocs_failed_limit: 9.
num_arena_births: 1346.
num_arena_deaths: 14.
num_vsnodes_births: 2.
num_vsnodes_deaths: 0.
num_space_committed: 1086.
num_space_uncommitted: 0.
num_chunks_returned_to_freelist: 23.
num_chunks_taken_from_freelist: 4627.
num_chunk_merges: 13.
num_chunk_splits: 2829.
num_chunks_enlarged: 1563.
num_inconsistent_stats: 0.

CodeHeap 'non-profiled nmethods': size=120000Kb used=12220Kb max_used=12220Kb free=107780Kb
 bounds [0x000001c607ad0000, 0x000001c6086c0000, 0x000001c60f000000]
CodeHeap 'profiled nmethods': size=120000Kb used=36095Kb max_used=36095Kb free=83904Kb
 bounds [0x000001c600000000, 0x000001c602340000, 0x000001c607530000]
CodeHeap 'non-nmethods': size=5760Kb used=1453Kb max_used=1529Kb free=4306Kb
 bounds [0x000001c607530000, 0x000001c6077a0000, 0x000001c607ad0000]
CodeCache: size=245760Kb, used=49768Kb, max_used=49844Kb, free=195990Kb
 total_blobs=15149, nmethods=14396, adapters=657, full_count=0
Compilation: enabled, stopped_count=0, restarted_count=0

Compilation events (20 events):
Event: 7268.675 Thread 0x000001c6138ae7c0 15197       3       java.util.logging.Logger::getLogger (7 bytes)
Event: 7268.675 Thread 0x000001c6138ae7c0 nmethod 15197 0x000001c602336610 code [0x000001c6023367c0, 0x000001c6023368e8]
Event: 7268.675 Thread 0x000001c6138ae7c0 15198       3       java.util.logging.Logger::demandLogger (36 bytes)
Event: 7268.676 Thread 0x000001c6138ae7c0 nmethod 15198 0x000001c602336990 code [0x000001c602336c20, 0x000001c6023376d0]
Event: 7382.933 Thread 0x000001c6138ae7c0 15200   !   3       org.eclipse.osgi.container.ModuleDatabase::getTimestamp (25 bytes)
Event: 7382.933 Thread 0x000001c6138ae7c0 nmethod 15200 0x000001c602337b10 code [0x000001c602337d60, 0x000001c6023386a8]
Event: 7502.964 Thread 0x000001c6138ae7c0 15201       3       org.eclipse.osgi.storage.Storage::isReadOnly (10 bytes)
Event: 7502.965 Thread 0x000001c6138ae7c0 nmethod 15201 0x000001c602338b10 code [0x000001c602338cc0, 0x000001c602338e40]
Event: 7505.802 Thread 0x000001c6138ae7c0 15202       3       org.eclipse.core.internal.jobs.InternalJob::remove (48 bytes)
Event: 7505.802 Thread 0x000001c6138ae7c0 nmethod 15202 0x000001c602338f10 code [0x000001c6023390c0, 0x000001c6023392d8]
Event: 7683.023 Thread 0x000001c6138ae7c0 15203   !   3       org.eclipse.osgi.internal.framework.StorageSaver$StorageSaverTask::run (31 bytes)
Event: 7683.024 Thread 0x000001c6138ae7c0 nmethod 15203 0x000001c602339410 code [0x000001c6023395e0, 0x000001c602339880]
Event: 7683.024 Thread 0x000001c6138ae7c0 15204   !   3       org.eclipse.osgi.storage.Storage::save (62 bytes)
Event: 7683.024 Thread 0x000001c6138ae7c0 nmethod 15204 0x000001c602339a10 code [0x000001c602339c00, 0x000001c602339f70]
Event: 7683.024 Thread 0x000001c6138ae7c0 15205   !   3       org.eclipse.osgi.storage.Storage::save0 (246 bytes)
Event: 7683.027 Thread 0x000001c6138ae7c0 nmethod 15205 0x000001c60233a110 code [0x000001c60233a620, 0x000001c60233d208]
Event: 8112.790 Thread 0x000001c613864950 15206       4       java.util.concurrent.ThreadPoolExecutor::beforeExecute (1 bytes)
Event: 8112.790 Thread 0x000001c613864950 nmethod 15206 0x000001c6086bed10 code [0x000001c6086beea0, 0x000001c6086bef28]
Event: 8405.803 Thread 0x000001c6138ae7c0 15207   !   3       org.eclipse.core.internal.jobs.JobListeners::sendEvent (115 bytes)
Event: 8405.803 Thread 0x000001c6138ae7c0 nmethod 15207 0x000001c60233e790 code [0x000001c60233ea20, 0x000001c60233f700]

GC Heap History (20 events):
Event: 6612.567 GC heap before
{Heap before GC invocations=107 (full 3):
 PSYoungGen      total 11264K, used 11168K [0x00000000d5580000, 0x00000000d6680000, 0x0000000100000000)
  eden space 6144K, 100% used [0x00000000d5580000,0x00000000d5b80000,0x00000000d5b80000)
  from space 5120K, 98% used [0x00000000d5c80000,0x00000000d6168000,0x00000000d6180000)
  to   space 5120K, 0% used [0x00000000d6180000,0x00000000d6180000,0x00000000d6680000)
 ParOldGen       total 265216K, used 264883K [0x0000000080000000, 0x0000000090300000, 0x00000000d5580000)
  object space 265216K, 99% used [0x0000000080000000,0x00000000902acd48,0x0000000090300000)
 Metaspace       used 67686K, committed 69248K, reserved 1114112K
  class space    used 6934K, committed 7616K, reserved 1048576K
}
Event: 6612.569 GC heap after
{Heap after GC invocations=107 (full 3):
 PSYoungGen      total 11264K, used 4626K [0x00000000d5580000, 0x00000000d6680000, 0x0000000100000000)
  eden space 6144K, 0% used [0x00000000d5580000,0x00000000d5580000,0x00000000d5b80000)
  from space 5120K, 90% used [0x00000000d6180000,0x00000000d6604b48,0x00000000d6680000)
  to   space 5120K, 0% used [0x00000000d5c80000,0x00000000d5c80000,0x00000000d6180000)
 ParOldGen       total 269824K, used 269751K [0x0000000080000000, 0x0000000090780000, 0x00000000d5580000)
  object space 269824K, 99% used [0x0000000080000000,0x000000009076dda8,0x0000000090780000)
 Metaspace       used 67686K, committed 69248K, reserved 1114112K
  class space    used 6934K, committed 7616K, reserved 1048576K
}
Event: 6612.653 GC heap before
{Heap before GC invocations=108 (full 3):
 PSYoungGen      total 11264K, used 10770K [0x00000000d5580000, 0x00000000d6680000, 0x0000000100000000)
  eden space 6144K, 99% used [0x00000000d5580000,0x00000000d5b7fff0,0x00000000d5b80000)
  from space 5120K, 90% used [0x00000000d6180000,0x00000000d6604b48,0x00000000d6680000)
  to   space 5120K, 0% used [0x00000000d5c80000,0x00000000d5c80000,0x00000000d6180000)
 ParOldGen       total 301568K, used 300471K [0x0000000080000000, 0x0000000092680000, 0x00000000d5580000)
  object space 301568K, 99% used [0x0000000080000000,0x000000009256ddd8,0x0000000092680000)
 Metaspace       used 67727K, committed 69312K, reserved 1114112K
  class space    used 6935K, committed 7616K, reserved 1048576K
}
Event: 6612.654 GC heap after
{Heap after GC invocations=108 (full 3):
 PSYoungGen      total 6656K, used 372K [0x00000000d5580000, 0x00000000d6200000, 0x0000000100000000)
  eden space 6144K, 0% used [0x00000000d5580000,0x00000000d5580000,0x00000000d5b80000)
  from space 512K, 72% used [0x00000000d5c80000,0x00000000d5cdd200,0x00000000d5d00000)
  to   space 2048K, 0% used [0x00000000d6000000,0x00000000d6000000,0x00000000d6200000)
 ParOldGen       total 301568K, used 300595K [0x0000000080000000, 0x0000000092680000, 0x00000000d5580000)
  object space 301568K, 99% used [0x0000000080000000,0x000000009258cfe0,0x0000000092680000)
 Metaspace       used 67727K, committed 69312K, reserved 1114112K
  class space    used 6935K, committed 7616K, reserved 1048576K
}
Event: 6612.672 GC heap before
{Heap before GC invocations=109 (full 3):
 PSYoungGen      total 6656K, used 6516K [0x00000000d5580000, 0x00000000d6200000, 0x0000000100000000)
  eden space 6144K, 100% used [0x00000000d5580000,0x00000000d5b80000,0x00000000d5b80000)
  from space 512K, 72% used [0x00000000d5c80000,0x00000000d5cdd200,0x00000000d5d00000)
  to   space 2048K, 0% used [0x00000000d6000000,0x00000000d6000000,0x00000000d6200000)
 ParOldGen       total 301568K, used 300595K [0x0000000080000000, 0x0000000092680000, 0x00000000d5580000)
  object space 301568K, 99% used [0x0000000080000000,0x000000009258cfe0,0x0000000092680000)
 Metaspace       used 67732K, committed 69312K, reserved 1114112K
  class space    used 6935K, committed 7616K, reserved 1048576K
}
Event: 6612.673 GC heap after
{Heap after GC invocations=109 (full 3):
 PSYoungGen      total 6656K, used 308K [0x00000000d5580000, 0x00000000d6080000, 0x0000000100000000)
  eden space 6144K, 0% used [0x00000000d5580000,0x00000000d5580000,0x00000000d5b80000)
  from space 512K, 60% used [0x00000000d6000000,0x00000000d604d200,0x00000000d6080000)
  to   space 1024K, 0% used [0x00000000d5e80000,0x00000000d5e80000,0x00000000d5f80000)
 ParOldGen       total 301568K, used 300719K [0x0000000080000000, 0x0000000092680000, 0x00000000d5580000)
  object space 301568K, 99% used [0x0000000080000000,0x00000000925abff0,0x0000000092680000)
 Metaspace       used 67732K, committed 69312K, reserved 1114112K
  class space    used 6935K, committed 7616K, reserved 1048576K
}
Event: 6613.108 GC heap before
{Heap before GC invocations=110 (full 3):
 PSYoungGen      total 6656K, used 6452K [0x00000000d5580000, 0x00000000d6080000, 0x0000000100000000)
  eden space 6144K, 100% used [0x00000000d5580000,0x00000000d5b80000,0x00000000d5b80000)
  from space 512K, 60% used [0x00000000d6000000,0x00000000d604d200,0x00000000d6080000)
  to   space 1024K, 0% used [0x00000000d5e80000,0x00000000d5e80000,0x00000000d5f80000)
 ParOldGen       total 301568K, used 300719K [0x0000000080000000, 0x0000000092680000, 0x00000000d5580000)
  object space 301568K, 99% used [0x0000000080000000,0x00000000925abff0,0x0000000092680000)
 Metaspace       used 67780K, committed 69376K, reserved 1114112K
  class space    used 6935K, committed 7616K, reserved 1048576K
}
Event: 6613.109 GC heap after
{Heap after GC invocations=110 (full 3):
 PSYoungGen      total 7168K, used 192K [0x00000000d5580000, 0x00000000d6080000, 0x0000000100000000)
  eden space 6144K, 0% used [0x00000000d5580000,0x00000000d5580000,0x00000000d5b80000)
  from space 1024K, 18% used [0x00000000d5e80000,0x00000000d5eb0000,0x00000000d5f80000)
  to   space 512K, 0% used [0x00000000d6000000,0x00000000d6000000,0x00000000d6080000)
 ParOldGen       total 301568K, used 300751K [0x0000000080000000, 0x0000000092680000, 0x00000000d5580000)
  object space 301568K, 99% used [0x0000000080000000,0x00000000925b3ff0,0x0000000092680000)
 Metaspace       used 67780K, committed 69376K, reserved 1114112K
  class space    used 6935K, committed 7616K, reserved 1048576K
}
Event: 6613.208 GC heap before
{Heap before GC invocations=111 (full 3):
 PSYoungGen      total 7168K, used 6335K [0x00000000d5580000, 0x00000000d6080000, 0x0000000100000000)
  eden space 6144K, 99% used [0x00000000d5580000,0x00000000d5b7ffc8,0x00000000d5b80000)
  from space 1024K, 18% used [0x00000000d5e80000,0x00000000d5eb0000,0x00000000d5f80000)
  to   space 512K, 0% used [0x00000000d6000000,0x00000000d6000000,0x00000000d6080000)
 ParOldGen       total 301568K, used 300751K [0x0000000080000000, 0x0000000092680000, 0x00000000d5580000)
  object space 301568K, 99% used [0x0000000080000000,0x00000000925b3ff0,0x0000000092680000)
 Metaspace       used 67784K, committed 69376K, reserved 1114112K
  class space    used 6935K, committed 7616K, reserved 1048576K
}
Event: 6613.209 GC heap after
{Heap after GC invocations=111 (full 3):
 PSYoungGen      total 6656K, used 410K [0x00000000d5580000, 0x00000000d6080000, 0x0000000100000000)
  eden space 6144K, 0% used [0x00000000d5580000,0x00000000d5580000,0x00000000d5b80000)
  from space 512K, 80% used [0x00000000d6000000,0x00000000d6066920,0x00000000d6080000)
  to   space 512K, 0% used [0x00000000d5f80000,0x00000000d5f80000,0x00000000d6000000)
 ParOldGen       total 301568K, used 300860K [0x0000000080000000, 0x0000000092680000, 0x00000000d5580000)
  object space 301568K, 99% used [0x0000000080000000,0x00000000925cf128,0x0000000092680000)
 Metaspace       used 67784K, committed 69376K, reserved 1114112K
  class space    used 6935K, committed 7616K, reserved 1048576K
}
Event: 6619.488 GC heap before
{Heap before GC invocations=112 (full 3):
 PSYoungGen      total 6656K, used 6553K [0x00000000d5580000, 0x00000000d6080000, 0x0000000100000000)
  eden space 6144K, 99% used [0x00000000d5580000,0x00000000d5b7fdb0,0x00000000d5b80000)
  from space 512K, 80% used [0x00000000d6000000,0x00000000d6066920,0x00000000d6080000)
  to   space 512K, 0% used [0x00000000d5f80000,0x00000000d5f80000,0x00000000d6000000)
 ParOldGen       total 301568K, used 300860K [0x0000000080000000, 0x0000000092680000, 0x00000000d5580000)
  object space 301568K, 99% used [0x0000000080000000,0x00000000925cf128,0x0000000092680000)
 Metaspace       used 67814K, committed 69440K, reserved 1114112K
  class space    used 6938K, committed 7616K, reserved 1048576K
}
Event: 6619.488 GC heap after
{Heap after GC invocations=112 (full 3):
 PSYoungGen      total 6656K, used 250K [0x00000000d5580000, 0x00000000d6080000, 0x0000000100000000)
  eden space 6144K, 0% used [0x00000000d5580000,0x00000000d5580000,0x00000000d5b80000)
  from space 512K, 48% used [0x00000000d5f80000,0x00000000d5fbe900,0x00000000d6000000)
  to   space 512K, 0% used [0x00000000d6000000,0x00000000d6000000,0x00000000d6080000)
 ParOldGen       total 301568K, used 301012K [0x0000000080000000, 0x0000000092680000, 0x00000000d5580000)
  object space 301568K, 99% used [0x0000000080000000,0x00000000925f5148,0x0000000092680000)
 Metaspace       used 67814K, committed 69440K, reserved 1114112K
  class space    used 6938K, committed 7616K, reserved 1048576K
}
Event: 6619.501 GC heap before
{Heap before GC invocations=113 (full 3):
 PSYoungGen      total 6656K, used 6394K [0x00000000d5580000, 0x00000000d6080000, 0x0000000100000000)
  eden space 6144K, 100% used [0x00000000d5580000,0x00000000d5b80000,0x00000000d5b80000)
  from space 512K, 48% used [0x00000000d5f80000,0x00000000d5fbe900,0x00000000d6000000)
  to   space 512K, 0% used [0x00000000d6000000,0x00000000d6000000,0x00000000d6080000)
 ParOldGen       total 301568K, used 301012K [0x0000000080000000, 0x0000000092680000, 0x00000000d5580000)
  object space 301568K, 99% used [0x0000000080000000,0x00000000925f5148,0x0000000092680000)
 Metaspace       used 67814K, committed 69440K, reserved 1114112K
  class space    used 6938K, committed 7616K, reserved 1048576K
}
Event: 6619.502 GC heap after
{Heap after GC invocations=113 (full 3):
 PSYoungGen      total 6656K, used 512K [0x00000000d5580000, 0x00000000d6080000, 0x0000000100000000)
  eden space 6144K, 0% used [0x00000000d5580000,0x00000000d5580000,0x00000000d5b80000)
  from space 512K, 100% used [0x00000000d6000000,0x00000000d6080000,0x00000000d6080000)
  to   space 1024K, 0% used [0x00000000d5e80000,0x00000000d5e80000,0x00000000d5f80000)
 ParOldGen       total 301568K, used 301402K [0x0000000080000000, 0x0000000092680000, 0x00000000d5580000)
  object space 301568K, 99% used [0x0000000080000000,0x0000000092656a68,0x0000000092680000)
 Metaspace       used 67814K, committed 69440K, reserved 1114112K
  class space    used 6938K, committed 7616K, reserved 1048576K
}
Event: 6619.514 GC heap before
{Heap before GC invocations=114 (full 3):
 PSYoungGen      total 6656K, used 6656K [0x00000000d5580000, 0x00000000d6080000, 0x0000000100000000)
  eden space 6144K, 100% used [0x00000000d5580000,0x00000000d5b80000,0x00000000d5b80000)
  from space 512K, 100% used [0x00000000d6000000,0x00000000d6080000,0x00000000d6080000)
  to   space 1024K, 0% used [0x00000000d5e80000,0x00000000d5e80000,0x00000000d5f80000)
 ParOldGen       total 301568K, used 301402K [0x0000000080000000, 0x0000000092680000, 0x00000000d5580000)
  object space 301568K, 99% used [0x0000000080000000,0x0000000092656a68,0x0000000092680000)
 Metaspace       used 67814K, committed 69440K, reserved 1114112K
  class space    used 6938K, committed 7616K, reserved 1048576K
}
Event: 6619.515 GC heap after
{Heap after GC invocations=114 (full 3):
 PSYoungGen      total 7168K, used 996K [0x00000000d5580000, 0x00000000d6080000, 0x0000000100000000)
  eden space 6144K, 0% used [0x00000000d5580000,0x00000000d5580000,0x00000000d5b80000)
  from space 1024K, 97% used [0x00000000d5e80000,0x00000000d5f79210,0x00000000d5f80000)
  to   space 1024K, 0% used [0x00000000d5f80000,0x00000000d5f80000,0x00000000d6080000)
 ParOldGen       total 302080K, used 301955K [0x0000000080000000, 0x0000000092700000, 0x00000000d5580000)
  object space 302080K, 99% used [0x0000000080000000,0x00000000926e0ec8,0x0000000092700000)
 Metaspace       used 67814K, committed 69440K, reserved 1114112K
  class space    used 6938K, committed 7616K, reserved 1048576K
}
Event: 6745.210 GC heap before
{Heap before GC invocations=115 (full 3):
 PSYoungGen      total 7168K, used 7140K [0x00000000d5580000, 0x00000000d6080000, 0x0000000100000000)
  eden space 6144K, 100% used [0x00000000d5580000,0x00000000d5b80000,0x00000000d5b80000)
  from space 1024K, 97% used [0x00000000d5e80000,0x00000000d5f79210,0x00000000d5f80000)
  to   space 1024K, 0% used [0x00000000d5f80000,0x00000000d5f80000,0x00000000d6080000)
 ParOldGen       total 302080K, used 301955K [0x0000000080000000, 0x0000000092700000, 0x00000000d5580000)
  object space 302080K, 99% used [0x0000000080000000,0x00000000926e0ec8,0x0000000092700000)
 Metaspace       used 67862K, committed 69440K, reserved 1114112K
  class space    used 6941K, committed 7616K, reserved 1048576K
}
Event: 6745.212 GC heap after
{Heap after GC invocations=115 (full 3):
 PSYoungGen      total 7168K, used 1012K [0x00000000d5580000, 0x00000000d6080000, 0x0000000100000000)
  eden space 6144K, 0% used [0x00000000d5580000,0x00000000d5580000,0x00000000d5b80000)
  from space 1024K, 98% used [0x00000000d5f80000,0x00000000d607d200,0x00000000d6080000)
  to   space 2560K, 0% used [0x00000000d5b80000,0x00000000d5b80000,0x00000000d5e00000)
 ParOldGen       total 303104K, used 303069K [0x0000000080000000, 0x0000000092800000, 0x00000000d5580000)
  object space 303104K, 99% used [0x0000000080000000,0x00000000927f7558,0x0000000092800000)
 Metaspace       used 67862K, committed 69440K, reserved 1114112K
  class space    used 6941K, committed 7616K, reserved 1048576K
}
Event: 6745.229 GC heap before
{Heap before GC invocations=116 (full 3):
 PSYoungGen      total 7168K, used 7156K [0x00000000d5580000, 0x00000000d6080000, 0x0000000100000000)
  eden space 6144K, 100% used [0x00000000d5580000,0x00000000d5b80000,0x00000000d5b80000)
  from space 1024K, 98% used [0x00000000d5f80000,0x00000000d607d200,0x00000000d6080000)
  to   space 2560K, 0% used [0x00000000d5b80000,0x00000000d5b80000,0x00000000d5e00000)
 ParOldGen       total 303104K, used 303069K [0x0000000080000000, 0x0000000092800000, 0x00000000d5580000)
  object space 303104K, 99% used [0x0000000080000000,0x00000000927f7558,0x0000000092800000)
 Metaspace       used 67872K, committed 69440K, reserved 1114112K
  class space    used 6941K, committed 7616K, reserved 1048576K
}
Event: 6745.231 GC heap after
{Heap after GC invocations=116 (full 3):
 PSYoungGen      total 8704K, used 1188K [0x00000000d5580000, 0x00000000d6000000, 0x0000000100000000)
  eden space 6144K, 0% used [0x00000000d5580000,0x00000000d5580000,0x00000000d5b80000)
  from space 2560K, 46% used [0x00000000d5b80000,0x00000000d5ca9210,0x00000000d5e00000)
  to   space 1536K, 0% used [0x00000000d5e80000,0x00000000d5e80000,0x00000000d6000000)
 ParOldGen       total 304128K, used 304062K [0x0000000080000000, 0x0000000092900000, 0x00000000d5580000)
  object space 304128K, 99% used [0x0000000080000000,0x00000000928ef838,0x0000000092900000)
 Metaspace       used 67872K, committed 69440K, reserved 1114112K
  class space    used 6941K, committed 7616K, reserved 1048576K
}

Dll operation events (10 events):
Event: 0.043 Loaded shared library c:\Users\YNC10\.vscode\extensions\redhat.java-1.50.0-win32-x64\jre\21.0.9-win32-x86_64\bin\java.dll
Event: 0.079 Loaded shared library c:\Users\YNC10\.vscode\extensions\redhat.java-1.50.0-win32-x64\jre\21.0.9-win32-x86_64\bin\zip.dll
Event: 0.184 Loaded shared library C:\Users\YNC10\.vscode\extensions\redhat.java-1.50.0-win32-x64\jre\21.0.9-win32-x86_64\bin\instrument.dll
Event: 0.190 Loaded shared library C:\Users\YNC10\.vscode\extensions\redhat.java-1.50.0-win32-x64\jre\21.0.9-win32-x86_64\bin\net.dll
Event: 0.193 Loaded shared library C:\Users\YNC10\.vscode\extensions\redhat.java-1.50.0-win32-x64\jre\21.0.9-win32-x86_64\bin\nio.dll
Event: 0.197 Loaded shared library C:\Users\YNC10\.vscode\extensions\redhat.java-1.50.0-win32-x64\jre\21.0.9-win32-x86_64\bin\zip.dll
Event: 0.221 Loaded shared library C:\Users\YNC10\.vscode\extensions\redhat.java-1.50.0-win32-x64\jre\21.0.9-win32-x86_64\bin\jimage.dll
Event: 0.306 Loaded shared library c:\Users\YNC10\.vscode\extensions\redhat.java-1.50.0-win32-x64\jre\21.0.9-win32-x86_64\bin\verify.dll
Event: 1.801 Loaded shared library C:\Users\YNC10\AppData\Roaming\Code\User\globalStorage\redhat.java\1.50.0\config_win\org.eclipse.equinox.launcher\org.eclipse.equinox.launcher.win32.win32.x86_64_1.2.1400.v20250801-0854\eclipse_11916.dll
Event: 5.404 Loaded shared library C:\Users\YNC10\AppData\Local\Temp\jna-84583021\jna10497364447306036891.dll

Deoptimization events (20 events):
Event: 6619.483 Thread 0x000001c65f102f50 Uncommon trap: trap_request=0xffffffde fr.pc=0x000001c6083e0c3c relative=0x00000000000001fc
Event: 6619.483 Thread 0x000001c65f102f50 Uncommon trap: reason=class_check action=maybe_recompile pc=0x000001c6083e0c3c method=org.eclipse.jdt.internal.core.util.Util.equalArraysOrNull([Ljava/lang/Object;[Ljava/lang/Object;)Z @ 55 c2
Event: 6619.483 Thread 0x000001c65f102f50 DEOPT PACKING pc=0x000001c6083e0c3c sp=0x0000004e0d7fe2a0
Event: 6619.483 Thread 0x000001c65f102f50 DEOPT UNPACKING pc=0x000001c607586da2 sp=0x0000004e0d7fe238 mode 2
Event: 6619.483 Thread 0x000001c65f102f50 Uncommon trap: trap_request=0xffffffde fr.pc=0x000001c6083e0c3c relative=0x00000000000001fc
Event: 6619.483 Thread 0x000001c65f102f50 Uncommon trap: reason=class_check action=maybe_recompile pc=0x000001c6083e0c3c method=org.eclipse.jdt.internal.core.util.Util.equalArraysOrNull([Ljava/lang/Object;[Ljava/lang/Object;)Z @ 55 c2
Event: 6619.483 Thread 0x000001c65f102f50 DEOPT PACKING pc=0x000001c6083e0c3c sp=0x0000004e0d7fe2a0
Event: 6619.483 Thread 0x000001c65f102f50 DEOPT UNPACKING pc=0x000001c607586da2 sp=0x0000004e0d7fe238 mode 2
Event: 6619.484 Thread 0x000001c65f102f50 DEOPT PACKING pc=0x000001c60227d784 sp=0x0000004e0d7fdcb0
Event: 6619.484 Thread 0x000001c65f102f50 DEOPT UNPACKING pc=0x000001c6075878e2 sp=0x0000004e0d7fd208 mode 0
Event: 6619.494 Thread 0x000001c65f102f50 DEOPT PACKING pc=0x000001c600f76841 sp=0x0000004e0d7fd580
Event: 6619.494 Thread 0x000001c65f102f50 DEOPT UNPACKING pc=0x000001c6075878e2 sp=0x0000004e0d7fca60 mode 0
Event: 6745.203 Thread 0x000001c65f102f50 Uncommon trap: trap_request=0xffffffc6 fr.pc=0x000001c607fc0bd4 relative=0x0000000000000554
Event: 6745.203 Thread 0x000001c65f102f50 Uncommon trap: reason=bimorphic_or_optimized_type_check action=maybe_recompile pc=0x000001c607fc0bd4 method=java.util.HashMap.removeNode(ILjava/lang/Object;Ljava/lang/Object;ZZ)Ljava/util/HashMap$Node; @ 143 c2
Event: 6745.203 Thread 0x000001c65f102f50 DEOPT PACKING pc=0x000001c607fc0bd4 sp=0x0000004e0d7fe270
Event: 6745.203 Thread 0x000001c65f102f50 DEOPT UNPACKING pc=0x000001c607586da2 sp=0x0000004e0d7fe1e8 mode 2
Event: 6745.205 Thread 0x000001c65f102f50 DEOPT PACKING pc=0x000001c60227d784 sp=0x0000004e0d7fdcb0
Event: 6745.205 Thread 0x000001c65f102f50 DEOPT UNPACKING pc=0x000001c6075878e2 sp=0x0000004e0d7fd208 mode 0
Event: 6745.214 Thread 0x000001c65f102f50 DEOPT PACKING pc=0x000001c60227d784 sp=0x0000004e0d7fcec0
Event: 6745.214 Thread 0x000001c65f102f50 DEOPT UNPACKING pc=0x000001c6075878e2 sp=0x0000004e0d7fc418 mode 0

Classes loaded (20 events):
Event: 306.191 Loading class java/nio/charset/CharacterCodingException
Event: 306.191 Loading class java/nio/charset/CharacterCodingException done
Event: 6439.557 Loading class java/io/SequenceInputStream
Event: 6439.558 Loading class java/io/SequenceInputStream done
Event: 6558.891 Loading class java/util/stream/DistinctOps
Event: 6558.891 Loading class java/util/stream/DistinctOps done
Event: 6558.891 Loading class java/util/stream/DistinctOps$1
Event: 6558.891 Loading class java/util/stream/DistinctOps$1 done
Event: 6558.893 Loading class java/util/stream/DistinctOps$1$2
Event: 6558.893 Loading class java/util/stream/DistinctOps$1$2 done
Event: 6559.043 Loading class jdk/internal/module/IllegalAccessLogger
Event: 6559.043 Loading class jdk/internal/module/IllegalAccessLogger done
Event: 6559.117 Loading class java/nio/BufferMismatch
Event: 6559.118 Loading class java/nio/BufferMismatch done
Event: 6584.524 Loading class jdk/internal/module/IllegalAccessLogger
Event: 6584.524 Loading class jdk/internal/module/IllegalAccessLogger done
Event: 6595.650 Loading class jdk/internal/module/IllegalAccessLogger
Event: 6595.650 Loading class jdk/internal/module/IllegalAccessLogger done
Event: 6612.575 Loading class jdk/internal/module/IllegalAccessLogger
Event: 6612.575 Loading class jdk/internal/module/IllegalAccessLogger done

Classes unloaded (7 events):
Event: 5.831 Thread 0x000001c61383c160 Unloading class 0x000001c6151a5000 'java/lang/invoke/LambdaForm$MH+0x000001c6151a5000'
Event: 5.831 Thread 0x000001c61383c160 Unloading class 0x000001c6151a4c00 'java/lang/invoke/LambdaForm$MH+0x000001c6151a4c00'
Event: 5.831 Thread 0x000001c61383c160 Unloading class 0x000001c6151a4800 'java/lang/invoke/LambdaForm$MH+0x000001c6151a4800'
Event: 5.831 Thread 0x000001c61383c160 Unloading class 0x000001c6151a4400 'java/lang/invoke/LambdaForm$MH+0x000001c6151a4400'
Event: 5.831 Thread 0x000001c61383c160 Unloading class 0x000001c6151a4000 'java/lang/invoke/LambdaForm$BMH+0x000001c6151a4000'
Event: 5.831 Thread 0x000001c61383c160 Unloading class 0x000001c6151a3c00 'java/lang/invoke/LambdaForm$DMH+0x000001c6151a3c00'
Event: 5.831 Thread 0x000001c61383c160 Unloading class 0x000001c6151a2c00 'java/lang/invoke/LambdaForm$DMH+0x000001c6151a2c00'

Classes redefined (0 events):
No events

Internal exceptions (20 events):
Event: 6745.228 Thread 0x000001c65f102f50 Implicit null exception at 0x000001c601dcdc1b to 0x000001c601dce1d5
Event: 6745.228 Thread 0x000001c65f102f50 Exception <a 'java/lang/NullPointerException'{0x00000000d5b54d58}> (0x00000000d5b54d58) 
thrown [s\src\hotspot\share\runtime\sharedRuntime.cpp, line 625]
Event: 6745.228 Thread 0x000001c65f102f50 Implicit null exception at 0x000001c601dcdc1b to 0x000001c601dce1d5
Event: 6745.229 Thread 0x000001c65f102f50 Exception <a 'java/lang/NullPointerException'{0x00000000d5b55cf8}> (0x00000000d5b55cf8) 
thrown [s\src\hotspot\share\runtime\sharedRuntime.cpp, line 625]
Event: 6745.229 Thread 0x000001c65f102f50 Implicit null exception at 0x000001c601dcdc1b to 0x000001c601dce1d5
Event: 6745.229 Thread 0x000001c65f102f50 Exception <a 'java/lang/NullPointerException'{0x00000000d5b56738}> (0x00000000d5b56738) 
thrown [s\src\hotspot\share\runtime\sharedRuntime.cpp, line 625]
Event: 6745.229 Thread 0x000001c65f102f50 Implicit null exception at 0x000001c601dcdc1b to 0x000001c601dce1d5
Event: 6745.229 Thread 0x000001c65f102f50 Exception <a 'java/lang/NullPointerException'{0x00000000d5b56f20}> (0x00000000d5b56f20) 
thrown [s\src\hotspot\share\runtime\sharedRuntime.cpp, line 625]
Event: 6745.229 Thread 0x000001c65f102f50 Implicit null exception at 0x000001c601dcdc1b to 0x000001c601dce1d5
Event: 6745.229 Thread 0x000001c65f102f50 Exception <a 'java/lang/NullPointerException'{0x00000000d5b57718}> (0x00000000d5b57718) 
thrown [s\src\hotspot\share\runtime\sharedRuntime.cpp, line 625]
Event: 6745.229 Thread 0x000001c65f102f50 Implicit null exception at 0x000001c601dcdc1b to 0x000001c601dce1d5
Event: 6745.229 Thread 0x000001c65f102f50 Exception <a 'java/lang/NullPointerException'{0x00000000d5b58368}> (0x00000000d5b58368) 
thrown [s\src\hotspot\share\runtime\sharedRuntime.cpp, line 625]
Event: 6745.229 Thread 0x000001c65f102f50 Implicit null exception at 0x000001c601dcdc1b to 0x000001c601dce1d5
Event: 6745.229 Thread 0x000001c65f102f50 Exception <a 'java/lang/NullPointerException'{0x00000000d5b58be8}> (0x00000000d5b58be8) 
thrown [s\src\hotspot\share\runtime\sharedRuntime.cpp, line 625]
Event: 6745.229 Thread 0x000001c65f102f50 Implicit null exception at 0x000001c601dcdc1b to 0x000001c601dce1d5
Event: 6745.229 Thread 0x000001c65f102f50 Exception <a 'java/lang/NullPointerException'{0x00000000d5b59350}> (0x00000000d5b59350) 
thrown [s\src\hotspot\share\runtime\sharedRuntime.cpp, line 625]
Event: 6745.229 Thread 0x000001c65f102f50 Implicit null exception at 0x000001c601dcdc1b to 0x000001c601dce1d5
Event: 6745.229 Thread 0x000001c65f102f50 Exception <a 'java/lang/NullPointerException'{0x00000000d5b5a470}> (0x00000000d5b5a470) 
thrown [s\src\hotspot\share\runtime\sharedRuntime.cpp, line 625]
Event: 6858.964 Thread 0x000001c65dc460d0 Exception <a 'sun/nio/fs/WindowsException'{0x00000000d58aba90}> (0x00000000d58aba90) 
thrown [s\src\hotspot\share\prims\jni.cpp, line 520]
Event: 6858.964 Thread 0x000001c65dc460d0 Exception <a 'sun/nio/fs/WindowsException'{0x00000000d58ac5b0}> (0x00000000d58ac5b0) 
thrown [s\src\hotspot\share\prims\jni.cpp, line 520]

ZGC Phase Switch (0 events):
No events

VM Operations (20 events):
Event: 8412.928 Executing VM operation: HandshakeAllThreads (HandshakeForDeflation)
Event: 8412.928 Executing VM operation: HandshakeAllThreads (HandshakeForDeflation) done
Event: 8412.928 Executing VM operation: RendezvousGCThreads
Event: 8412.928 Executing VM operation: RendezvousGCThreads done
Event: 8593.225 Executing VM operation: HandshakeAllThreads (HandshakeForDeflation)
Event: 8593.225 Executing VM operation: HandshakeAllThreads (HandshakeForDeflation) done
Event: 8593.225 Executing VM operation: RendezvousGCThreads
Event: 8593.225 Executing VM operation: RendezvousGCThreads done
Event: 8653.272 Executing VM operation: HandshakeAllThreads (HandshakeForDeflation)
Event: 8653.272 Executing VM operation: HandshakeAllThreads (HandshakeForDeflation) done
Event: 8653.272 Executing VM operation: RendezvousGCThreads
Event: 8653.272 Executing VM operation: RendezvousGCThreads done
Event: 8893.527 Executing VM operation: HandshakeAllThreads (HandshakeForDeflation)
Event: 8893.527 Executing VM operation: HandshakeAllThreads (HandshakeForDeflation) done
Event: 8893.527 Executing VM operation: RendezvousGCThreads
Event: 8893.527 Executing VM operation: RendezvousGCThreads done
Event: 8953.580 Executing VM operation: HandshakeAllThreads (HandshakeForDeflation)
Event: 8953.580 Executing VM operation: HandshakeAllThreads (HandshakeForDeflation) done
Event: 8953.580 Executing VM operation: RendezvousGCThreads
Event: 8953.580 Executing VM operation: RendezvousGCThreads done

Memory protections (0 events):
No events

Nmethod flushes (20 events):
Event: 11.685 Thread 0x000001c61383c160 flushing osr nmethod 0x000001c6008b7290
Event: 11.685 Thread 0x000001c61383c160 flushing  nmethod 0x000001c6008c3110
Event: 11.685 Thread 0x000001c61383c160 flushing  nmethod 0x000001c6008cd410
Event: 11.685 Thread 0x000001c61383c160 flushing  nmethod 0x000001c6008cf010
Event: 11.685 Thread 0x000001c61383c160 flushing  nmethod 0x000001c6008cf890
Event: 11.685 Thread 0x000001c61383c160 flushing  nmethod 0x000001c6008d9910
Event: 11.685 Thread 0x000001c61383c160 flushing osr nmethod 0x000001c6008e4890
Event: 11.685 Thread 0x000001c61383c160 flushing  nmethod 0x000001c6008e5f90
Event: 11.685 Thread 0x000001c61383c160 flushing  nmethod 0x000001c6008e6c90
Event: 11.685 Thread 0x000001c61383c160 flushing  nmethod 0x000001c6008ebc90
Event: 11.685 Thread 0x000001c61383c160 flushing  nmethod 0x000001c6008efc10
Event: 11.685 Thread 0x000001c61383c160 flushing  nmethod 0x000001c60092fc90
Event: 11.685 Thread 0x000001c61383c160 flushing  nmethod 0x000001c60095d990
Event: 11.685 Thread 0x000001c61383c160 flushing  nmethod 0x000001c60095df90
Event: 11.685 Thread 0x000001c61383c160 flushing  nmethod 0x000001c60095f510
Event: 11.685 Thread 0x000001c61383c160 flushing  nmethod 0x000001c600962d90
Event: 11.685 Thread 0x000001c61383c160 flushing  nmethod 0x000001c60096da10
Event: 11.685 Thread 0x000001c61383c160 flushing  nmethod 0x000001c60099bd90
Event: 11.685 Thread 0x000001c61383c160 flushing osr nmethod 0x000001c6009cf590
Event: 11.685 Thread 0x000001c61383c160 flushing  nmethod 0x000001c600a16390

Events (20 events):
Event: 6624.600 Thread 0x000001c65fb79c50 Thread exited: 0x000001c65fb79c50
Event: 6672.592 Thread 0x000001c65dc453b0 Thread exited: 0x000001c65dc453b0
Event: 6673.176 Thread 0x000001c65dc41210 Thread exited: 0x000001c65dc41210
Event: 6673.176 Thread 0x000001c65f1007f0 Thread exited: 0x000001c65f1007f0
Event: 6745.222 Thread 0x000001c6138ae7c0 Thread added: 0x000001c65cc419f0
Event: 6745.224 Thread 0x000001c6138ae7c0 Thread added: 0x000001c65cc41320
Event: 6750.266 Thread 0x000001c65cc41320 Thread exited: 0x000001c65cc41320
Event: 6750.266 Thread 0x000001c65cc419f0 Thread exited: 0x000001c65cc419f0
Event: 6858.961 Thread 0x000001c65dc460d0 Thread added: 0x000001c65dc453b0
Event: 6858.961 Thread 0x000001c65dc453b0 Thread exited: 0x000001c65dc453b0
Event: 6858.964 Thread 0x000001c65dc460d0 Thread added: 0x000001c65dc44690
Event: 6858.965 Thread 0x000001c65dc44690 Thread exited: 0x000001c65dc44690
Event: 6858.968 Thread 0x000001c6138ae7c0 Thread added: 0x000001c65fede6b0
Event: 6859.020 Thread 0x000001c65dc44000 Thread exited: 0x000001c65dc44000
Event: 6859.090 Thread 0x000001c6138ae7c0 Thread added: 0x000001c65feded80
Event: 6864.117 Thread 0x000001c65feded80 Thread exited: 0x000001c65feded80
Event: 6869.132 Thread 0x000001c65fede6b0 Thread exited: 0x000001c65fede6b0
Event: 6884.516 Thread 0x000001c65dc418a0 Thread exited: 0x000001c65dc418a0
Event: 6895.642 Thread 0x000001c65dc44d20 Thread exited: 0x000001c65dc44d20
Event: 6912.563 Thread 0x000001c65dc41f30 Thread exited: 0x000001c65dc41f30


Dynamic libraries:
0x00007ff6ce820000 - 0x00007ff6ce82e000 	c:\Users\YNC10\.vscode\extensions\redhat.java-1.50.0-win32-x64\jre\21.0.9-win32-x86_64\bin\java.exe
0x00007ffa41790000 - 0x00007ffa41988000 	C:\WINDOWS\SYSTEM32\ntdll.dll
0x00007ffa3fad0000 - 0x00007ffa3fb8f000 	C:\WINDOWS\System32\KERNEL32.DLL
0x00007ffa3f4c0000 - 0x00007ffa3f7b6000 	C:\WINDOWS\System32\KERNELBASE.dll
0x00007ffa3f3c0000 - 0x00007ffa3f4c0000 	C:\WINDOWS\System32\ucrtbase.dll
0x00007ff9f9f50000 - 0x00007ff9f9f68000 	c:\Users\YNC10\.vscode\extensions\redhat.java-1.50.0-win32-x64\jre\21.0.9-win32-x86_64\bin\jli.dll
0x00007ffa3fdf0000 - 0x00007ffa3ff8d000 	C:\WINDOWS\System32\USER32.dll
0x00007ffa3f070000 - 0x00007ffa3f092000 	C:\WINDOWS\System32\win32u.dll
0x00007ffa3faa0000 - 0x00007ffa3facc000 	C:\WINDOWS\System32\GDI32.dll
0x00007ffa3f140000 - 0x00007ffa3f255000 	C:\WINDOWS\System32\gdi32full.dll
0x00007ffa3f0a0000 - 0x00007ffa3f13d000 	C:\WINDOWS\System32\msvcp_win.dll
0x00007ffa11c70000 - 0x00007ffa11c8e000 	c:\Users\YNC10\.vscode\extensions\redhat.java-1.50.0-win32-x64\jre\21.0.9-win32-x86_64\bin\VCRUNTIME140.dll
0x00007ffa3e360000 - 0x00007ffa3e5fa000 	C:\WINDOWS\WinSxS\amd64_microsoft.windows.common-controls_6595b64144ccf1df_6.0.19041.1110_none_60b5254171f9507e\COMCTL32.dll
0x00007ffa3fbb0000 - 0x00007ffa3fc4e000 	C:\WINDOWS\System32\msvcrt.dll
0x00007ffa403a0000 - 0x00007ffa403d0000 	C:\WINDOWS\System32\IMM32.DLL
0x00007ffa38b40000 - 0x00007ffa38b4c000 	c:\Users\YNC10\.vscode\extensions\redhat.java-1.50.0-win32-x64\jre\21.0.9-win32-x86_64\bin\vcruntime140_1.dll
0x00007ff9f9dc0000 - 0x00007ff9f9e4d000 	c:\Users\YNC10\.vscode\extensions\redhat.java-1.50.0-win32-x64\jre\21.0.9-win32-x86_64\bin\msvcp140.dll
0x00007ff98cab0000 - 0x00007ff98d850000 	c:\Users\YNC10\.vscode\extensions\redhat.java-1.50.0-win32-x64\jre\21.0.9-win32-x86_64\bin\server\jvm.dll
0x00007ffa41340000 - 0x00007ffa413ef000 	C:\WINDOWS\System32\ADVAPI32.dll
0x00007ffa3fd50000 - 0x00007ffa3fdec000 	C:\WINDOWS\System32\sechost.dll
0x00007ffa3f910000 - 0x00007ffa3fa36000 	C:\WINDOWS\System32\RPCRT4.dll
0x00007ffa404f0000 - 0x00007ffa4055b000 	C:\WINDOWS\System32\WS2_32.dll
0x00007ffa3ea90000 - 0x00007ffa3eadb000 	C:\WINDOWS\SYSTEM32\POWRPROF.dll
0x00007ffa27b30000 - 0x00007ffa27b57000 	C:\WINDOWS\SYSTEM32\WINMM.dll
0x00007ffa36960000 - 0x00007ffa3696a000 	C:\WINDOWS\SYSTEM32\VERSION.dll
0x00007ffa3e7c0000 - 0x00007ffa3e7d2000 	C:\WINDOWS\SYSTEM32\UMPDC.dll
0x00007ffa3c850000 - 0x00007ffa3c862000 	C:\WINDOWS\SYSTEM32\kernel.appcore.dll
0x00007ffa38000000 - 0x00007ffa3800a000 	c:\Users\YNC10\.vscode\extensions\redhat.java-1.50.0-win32-x64\jre\21.0.9-win32-x86_64\bin\jimage.dll
0x00007ffa3e8a0000 - 0x00007ffa3ea84000 	C:\WINDOWS\SYSTEM32\DBGHELP.DLL
0x00007ffa3e7e0000 - 0x00007ffa3e814000 	C:\WINDOWS\SYSTEM32\dbgcore.DLL
0x00007ffa3eee0000 - 0x00007ffa3ef62000 	C:\WINDOWS\System32\bcryptPrimitives.dll
0x00007ffa367e0000 - 0x00007ffa367ef000 	c:\Users\YNC10\.vscode\extensions\redhat.java-1.50.0-win32-x64\jre\21.0.9-win32-x86_64\bin\instrument.dll
0x00007ffa19b40000 - 0x00007ffa19b60000 	c:\Users\YNC10\.vscode\extensions\redhat.java-1.50.0-win32-x64\jre\21.0.9-win32-x86_64\bin\java.dll
0x00007ffa40a60000 - 0x00007ffa411a4000 	C:\WINDOWS\System32\SHELL32.dll
0x00007ffa3cfd0000 - 0x00007ffa3d763000 	C:\WINDOWS\SYSTEM32\windows.storage.dll
0x00007ffa3ff90000 - 0x00007ffa402e4000 	C:\WINDOWS\System32\combase.dll
0x00007ffa3e1d0000 - 0x00007ffa3e1fe000 	C:\WINDOWS\SYSTEM32\Wldp.dll
0x00007ffa402f0000 - 0x00007ffa4039d000 	C:\WINDOWS\System32\SHCORE.dll
0x00007ffa3fa40000 - 0x00007ffa3fa95000 	C:\WINDOWS\System32\shlwapi.dll
0x00007ffa3edb0000 - 0x00007ffa3edcf000 	C:\WINDOWS\SYSTEM32\profapi.dll
0x00007ff9fba40000 - 0x00007ff9fba58000 	c:\Users\YNC10\.vscode\extensions\redhat.java-1.50.0-win32-x64\jre\21.0.9-win32-x86_64\bin\zip.dll
0x00007ffa2fdf0000 - 0x00007ffa2fe00000 	C:\Users\YNC10\.vscode\extensions\redhat.java-1.50.0-win32-x64\jre\21.0.9-win32-x86_64\bin\net.dll
0x00007ffa39660000 - 0x00007ffa3976a000 	C:\WINDOWS\SYSTEM32\WINHTTP.dll
0x00007ffa3df30000 - 0x00007ffa3df9a000 	C:\WINDOWS\system32\mswsock.dll
0x00007ff9f9cf0000 - 0x00007ff9f9d06000 	C:\Users\YNC10\.vscode\extensions\redhat.java-1.50.0-win32-x64\jre\21.0.9-win32-x86_64\bin\nio.dll
0x00007ffa2bd10000 - 0x00007ffa2bd20000 	c:\Users\YNC10\.vscode\extensions\redhat.java-1.50.0-win32-x64\jre\21.0.9-win32-x86_64\bin\verify.dll
0x00007ff9f7d90000 - 0x00007ff9f7dd4000 	C:\Users\YNC10\AppData\Roaming\Code\User\globalStorage\redhat.java\1.50.0\config_win\org.eclipse.equinox.launcher\org.eclipse.equinox.launcher.win32.win32.x86_64_1.2.1400.v20250801-0854\eclipse_11916.dll
0x00007ffa415a0000 - 0x00007ffa416ca000 	C:\WINDOWS\System32\ole32.dll
0x00007ffa3ec00000 - 0x00007ffa3ec18000 	C:\WINDOWS\SYSTEM32\CRYPTSP.dll
0x00007ffa3d8b0000 - 0x00007ffa3d8e4000 	C:\WINDOWS\system32\rsaenh.dll
0x00007ffa3f7c0000 - 0x00007ffa3f7e7000 	C:\WINDOWS\System32\bcrypt.dll
0x00007ffa3ed70000 - 0x00007ffa3ed9e000 	C:\WINDOWS\SYSTEM32\USERENV.dll
0x00007ffa3e140000 - 0x00007ffa3e14c000 	C:\WINDOWS\SYSTEM32\CRYPTBASE.dll
0x00007ffa3dc20000 - 0x00007ffa3dc5c000 	C:\WINDOWS\SYSTEM32\IPHLPAPI.DLL
0x00007ffa3fb90000 - 0x00007ffa3fb98000 	C:\WINDOWS\System32\NSI.dll
0x00007ff9f9ac0000 - 0x00007ff9f9b09000 	C:\Users\YNC10\AppData\Local\Temp\jna-84583021\jna10497364447306036891.dll
0x00007ffa3fba0000 - 0x00007ffa3fba8000 	C:\WINDOWS\System32\PSAPI.DLL
0x00007ffa36840000 - 0x00007ffa36857000 	C:\WINDOWS\SYSTEM32\dhcpcsvc6.DLL
0x00007ffa37b10000 - 0x00007ffa37b2d000 	C:\WINDOWS\SYSTEM32\dhcpcsvc.DLL
0x00007ffa3eae0000 - 0x00007ffa3eb13000 	C:\WINDOWS\SYSTEM32\ntmarta.dll

JVMTI agents:
c:\Users\YNC10\.vscode\extensions\redhat.java-1.50.0-win32-x64\lombok\lombok-1.18.39-4050.jar path:c:\Users\YNC10\.vscode\extensions\redhat.java-1.50.0-win32-x64\jre\21.0.9-win32-x86_64\bin\instrument.dll, loaded, initialized, instrumentlib options:none

dbghelp: loaded successfully - version: 4.0.5 - missing functions: none
symbol engine: initialized successfully - sym options: 0x614 - pdb path: .;c:\Users\YNC10\.vscode\extensions\redhat.java-1.50.0-win32-x64\jre\21.0.9-win32-x86_64\bin;C:\WINDOWS\SYSTEM32;C:\WINDOWS\WinSxS\amd64_microsoft.windows.common-controls_6595b64144ccf1df_6.0.19041.1110_none_60b5254171f9507e;c:\Users\YNC10\.vscode\extensions\redhat.java-1.50.0-win32-x64\jre\21.0.9-win32-x86_64\bin\server;C:\Users\YNC10\AppData\Roaming\Code\User\globalStorage\redhat.java\1.50.0\config_win\org.eclipse.equinox.launcher\org.eclipse.equinox.launcher.win32.win32.x86_64_1.2.1400.v20250801-0854;C:\Users\YNC10\AppData\Local\Temp\jna-84583021

VM Arguments:
jvm_args: -Djava.net.preferIPv4Stack=true --add-modules=ALL-SYSTEM --add-opens=java.base/java.util=ALL-UNNAMED --add-opens=java.base/java.lang=ALL-UNNAMED --add-opens=java.base/sun.nio.fs=ALL-UNNAMED -Declipse.application=org.eclipse.jdt.ls.core.id1 -Dosgi.bundles.defaultStartLevel=4 -Declipse.product=org.eclipse.jdt.ls.core.product -Djava.import.generatesMetadataFilesAtProjectRoot=false -DDetectVMInstallationsJob.disabled=true -Dfile.encoding=utf8 -XX:+UseParallelGC -XX:GCTimeRatio=4 -XX:AdaptiveSizePolicyWeight=90 -Dsun.zip.disableMemoryMapping=true -Xmx2G -Xms100m -Xlog:disable -javaagent:c:\Users\YNC10\.vscode\extensions\redhat.java-1.50.0-win32-x64\lombok\lombok-1.18.39-4050.jar -XX:+HeapDumpOnOutOfMemoryError -XX:HeapDumpPath=c:\Users\YNC10\AppData\Roaming\Code\User\workspaceStorage\3d0d5f10d355c0388c649a7a5353bc32\redhat.java -Daether.dependencyCollector.impl=bf 
java_command: c:\Users\YNC10\.vscode\extensions\redhat.java-1.50.0-win32-x64\server\plugins\org.eclipse.equinox.launcher_1.7.100.v20251111-0406.jar -configuration c:\Users\YNC10\AppData\Roaming\Code\User\globalStorage\redhat.java\1.50.0\config_win -data c:\Users\YNC10\AppData\Roaming\Code\User\workspaceStorage\3d0d5f10d355c0388c649a7a5353bc32\redhat.java\jdt_ws --pipe=\\.\pipe\lsp-879d893720d33432d2b6336c8873623a-sock
java_class_path (initial): c:\Users\YNC10\.vscode\extensions\redhat.java-1.50.0-win32-x64\server\plugins\org.eclipse.equinox.launcher_1.7.100.v20251111-0406.jar
Launcher Type: SUN_STANDARD

[Global flags]
    uintx AdaptiveSizePolicyWeight                 = 90                                        {product} {command line}
     intx CICompilerCount                          = 4                                         {product} {ergonomic}
    uintx GCTimeRatio                              = 4                                         {product} {command line}
     bool HeapDumpOnOutOfMemoryError               = true                                   {manageable} {command line}
    ccstr HeapDumpPath                             = c:\Users\YNC10\AppData\Roaming\Code\User\workspaceStorage\3d0d5f10d355c0388c649a7a5353bc32\redhat.java         {manageable} {command line}
   size_t InitialHeapSize                          = 104857600                                 {product} {command line}
   size_t MaxHeapSize                              = 2147483648                                {product} {command line}
   size_t MaxNewSize                               = 715653120                                 {product} {ergonomic}
   size_t MinHeapDeltaBytes                        = 524288                                    {product} {ergonomic}
   size_t MinHeapSize                              = 104857600                                 {product} {command line}
   size_t NewSize                                  = 34603008                                  {product} {ergonomic}
    uintx NonNMethodCodeHeapSize                   = 5839372                                {pd product} {ergonomic}
    uintx NonProfiledCodeHeapSize                  = 122909434                              {pd product} {ergonomic}
   size_t OldSize                                  = 70254592                                  {product} {ergonomic}
    uintx ProfiledCodeHeapSize                     = 122909434                              {pd product} {ergonomic}
    uintx ReservedCodeCacheSize                    = 251658240                              {pd product} {ergonomic}
     bool SegmentedCodeCache                       = true                                      {product} {ergonomic}
   size_t SoftMaxHeapSize                          = 2147483648                             {manageable} {ergonomic}
     bool UseCompressedOops                        = true                           {product lp64_product} {ergonomic}
     bool UseLargePagesIndividualAllocation        = false                                  {pd product} {ergonomic}
     bool UseParallelGC                            = true                                      {product} {command line}

Logging:
Log output configuration:
 #0: stdout all=off uptime,level,tags foldmultilines=false
 #1: stderr all=off uptime,level,tags foldmultilines=false

Release file:
JAVA_VERSION="21.0.9" 
MODULES="java.base java.compiler java.datatransfer java.xml java.prefs java.desktop java.instrument java.logging java.management java.security.sasl java.naming java.rmi java.management.rmi java.net.http java.scripting java.security.jgss java.transaction.xa java.sql java.sql.rowset java.xml.crypto java.se java.smartcardio jdk.accessibility jdk.internal.jvmstat jdk.attach jdk.charsets jdk.internal.opt jdk.zipfs jdk.compiler jdk.crypto.ec jdk.crypto.cryptoki jdk.crypto.mscapi jdk.dynalink jdk.internal.ed jdk.editpad jdk.hotspot.agent jdk.httpserver jdk.internal.le jdk.internal.vm.ci jdk.internal.vm.compiler jdk.internal.vm.compiler.management jdk.jartool jdk.javadoc jdk.jcmd jdk.management jdk.management.agent jdk.jconsole jdk.jdeps jdk.jdwp.agent jdk.jdi jdk.jfr jdk.jshell jdk.jsobject jdk.jstatd jdk.localedata jdk.management.jfr jdk.naming.dns jdk.naming.rmi jdk.net jdk.nio.mapmode jdk.random jdk.sctp jdk.security.auth jdk.security.jgss jdk.unsupported jdk.unsupported.desktop jdk.xml.dom" 

Environment Variables:
JAVA_HOME=C:\Program Files\Java\jdk1.8.0_301
JAVA_TOOL_OPTIONS=-Djava.net.preferIPv4Stack=true
PATH=C:\app\YNC10\product\21c\dbhomeXE\bin;C:\Program Files\Common Files\Microsoft Shared\Microsoft Online Services;C:\Program Files (x86)\Common Files\Microsoft Shared\Microsoft Online Services;C:\WINDOWS\system32;C:\WINDOWS;C:\WINDOWS\System32\Wbem;C:\WINDOWS\System32\WindowsPowerShell\v1.0\;C:\WINDOWS\System32\OpenSSH\;C:\WINDOWS\system32\config\systemprofile\.dnx\bin;C:\Program Files\Microsoft DNX\Dnvm\;C:\Program Files\Microsoft SQL Server\130\Tools\Binn\;C:\Program Files\Java\jdk1.8.0_301\bin;C:\Program Files\Java\jdk1.8.0_301;C:\Program Files\TortoiseSVN\bin;C:\Program Files\Git\cmd;C:\Users\YNC10\AppData\Local\Microsoft\WindowsApps;C:\Program Files\Bandizip\;C:\Users\YNC10\AppData\Local\GitHubDesktop\bin;C:\Users\YNC10\AppData\Local\Programs\Microsoft VS Code\bin
USERNAME=YNC10
OS=Windows_NT
PROCESSOR_IDENTIFIER=Intel64 Family 6 Model 140 Stepping 1, GenuineIntel
TMP=C:\Users\YNC10\AppData\Local\Temp
TEMP=C:\Users\YNC10\AppData\Local\Temp




Periodic native trim disabled

---------------  S Y S T E M  ---------------

OS:
 Windows 10 , 64 bit Build 19041 (10.0.19041.2913)
OS uptime: 6 days 3:56 hours

CPU: total 8 (initial active 8) (4 cores per cpu, 2 threads per core) family 6 model 140 stepping 1 microcode 0x6e, cx8, cmov, fxsr, ht, mmx, 3dnowpref, sse, sse2, sse3, ssse3, sse4.1, sse4.2, popcnt, lzcnt, tsc, tscinvbit, avx, avx2, aes, erms, clmul, bmi1, bmi2, adx, avx512f, avx512dq, avx512cd, avx512bw, avx512vl, sha, fma, vzeroupper, avx512_vpopcntdq, avx512_vpclmulqdq, avx512_vaes, avx512_vnni, clflush, clflushopt, clwb, avx512_vbmi2, avx512_vbmi, rdtscp, rdpid, fsrm, gfni, avx512_bitalg, f16c, pku, cet_ibt, cet_ss, avx512_ifma
Processor Information for the first 8 processors :
  Max Mhz: 2803, Current Mhz: 2803, Mhz Limit: 2803

Memory: 4k page, system-wide physical 16183M (3735M free)
TotalPageFile size 24375M (AvailPageFile size 0M)
current process WorkingSet (physical memory assigned to process): 325M, peak: 539M
current process commit charge ("private bytes"): 613M, peak: 614M

vm_info: OpenJDK 64-Bit Server VM (21.0.9+10-LTS) for windows-amd64 JRE (21.0.9+10-LTS), built on 2025-10-21T00:00:00Z by "admin" with unknown MS VC++:1942

END.
