#
# There is insufficient memory for the Java Runtime Environment to continue.
# Native memory allocation (malloc) failed to allocate 300336 bytes. Error detail: Chunk::new
# Possible reasons:
#   The system is out of physical RAM or swap space
#   This process is running with CompressedOops enabled, and the Java Heap may be blocking the growth of the native heap
# Possible solutions:
#   Reduce memory load on the system
#   Increase physical memory or swap space
#   Check if swap backing store is full
#   Decrease Java heap size (-Xmx/-Xms)
#   Decrease number of Java threads
#   Decrease Java thread stack sizes (-Xss)
#   Set larger code cache with -XX:ReservedCodeCacheSize=
#   JVM is running with Unscaled Compressed Oops mode in which the Java heap is
#     placed in the first 4GB address space. The Java Heap base address is the
#     maximum limit for the native heap growth. Please use -XX:HeapBaseMinAddress
#     to set the Java Heap base and to place the Java Heap above 4GB virtual address.
# This output file may be truncated or incomplete.
#
#  Out of Memory Error (arena.cpp:168), pid=206020, tid=105396
#
# JRE version: OpenJDK Runtime Environment Temurin-21.0.9+10 (21.0.9+10) (build 21.0.9+10-LTS)
# Java VM: OpenJDK 64-Bit Server VM Temurin-21.0.9+10 (21.0.9+10-LTS, mixed mode, sharing, tiered, compressed oops, compressed class ptrs, parallel gc, windows-amd64)
# No core dump will be written. Minidumps are not enabled by default on client versions of Windows
#

---------------  S U M M A R Y ------------

Command Line: -Djava.net.preferIPv4Stack=true --add-modules=ALL-SYSTEM --add-opens=java.base/java.util=ALL-UNNAMED --add-opens=java.base/java.lang=ALL-UNNAMED --add-opens=java.base/sun.nio.fs=ALL-UNNAMED -Declipse.application=org.eclipse.jdt.ls.core.id1 -Dosgi.bundles.defaultStartLevel=4 -Declipse.product=org.eclipse.jdt.ls.core.product -Djava.import.generatesMetadataFilesAtProjectRoot=false -DDetectVMInstallationsJob.disabled=true -Dfile.encoding=utf8 -XX:+UseParallelGC -XX:GCTimeRatio=4 -XX:AdaptiveSizePolicyWeight=90 -Dsun.zip.disableMemoryMapping=true -Xmx2G -Xms100m -Xlog:disable -javaagent:c:\Users\YNC10\.vscode\extensions\redhat.java-1.50.0-win32-x64\lombok\lombok-1.18.39-4050.jar -XX:+HeapDumpOnOutOfMemoryError -XX:HeapDumpPath=c:\Users\YNC10\AppData\Roaming\Code\User\workspaceStorage\3d0d5f10d355c0388c649a7a5353bc32\redhat.java -Daether.dependencyCollector.impl=bf c:\Users\YNC10\.vscode\extensions\redhat.java-1.50.0-win32-x64\server\plugins\org.eclipse.equinox.launcher_1.7.100.v20251111-0406.jar -configuration c:\Users\YNC10\AppData\Roaming\Code\User\globalStorage\redhat.java\1.50.0\config_win -data c:\Users\YNC10\AppData\Roaming\Code\User\workspaceStorage\3d0d5f10d355c0388c649a7a5353bc32\redhat.java\jdt_ws --pipe=\\.\pipe\lsp-919243f788c3cd10ea84dfd92fff9aa9-sock

Host: 11th Gen Intel(R) Core(TM) i7-1165G7 @ 2.80GHz, 8 cores, 15G,  Windows 10 , 64 bit Build 19041 (10.0.19041.2913)
Time: Mon Jan  5 15:19:40 2026 elapsed time: 0.546783 seconds (0d 0h 0m 0s)

---------------  T H R E A D  ---------------

Current thread (0x0000029c7f53d030):  JavaThread "C2 CompilerThread2" daemon [_thread_in_native, id=105396, stack(0x000000e517800000,0x000000e517900000) (1024K)]


Current CompileTask:
C2:546  669       4       lombok.patcher.scripts.MethodLevelPatchScript::patch (21 bytes)

Stack: [0x000000e517800000,0x000000e517900000]
Native frames: (J=compiled Java code, j=interpreted, Vv=VM code, C=native code)
V  [jvm.dll+0x6d6e29]
V  [jvm.dll+0x8b4b76]
V  [jvm.dll+0x8b712e]
V  [jvm.dll+0x8b7813]
V  [jvm.dll+0x283d86]
V  [jvm.dll+0xc66ed]
V  [jvm.dll+0xc6c31]
V  [jvm.dll+0x2facee]
V  [jvm.dll+0x5fde44]
V  [jvm.dll+0x255557]
V  [jvm.dll+0x25591d]
V  [jvm.dll+0x24df40]
V  [jvm.dll+0x24b482]
V  [jvm.dll+0x1cb13e]
V  [jvm.dll+0x25b29d]
V  [jvm.dll+0x25982a]
V  [jvm.dll+0x3f7ea6]
V  [jvm.dll+0x85e9ad]
V  [jvm.dll+0x6d565d]
C  [ucrtbase.dll+0x21bb2]
C  [KERNEL32.DLL+0x17614]
C  [ntdll.dll+0x526a1]


---------------  P R O C E S S  ---------------

Threads class SMR info:
_java_thread_list=0x0000029c7f5044d0, length=13, elements={
0x0000029c25ed8510, 0x0000029c25e4ed90, 0x0000029c25e4fe50, 0x0000029c25e50f10,
0x0000029c25e520a0, 0x0000029c25e53e60, 0x0000029c25e54ab0, 0x0000029c25e55a30,
0x0000029c25e85990, 0x0000029c7f3da760, 0x0000029c7f42b680, 0x0000029c7f512970,
0x0000029c7f53d030
}

Java Threads: ( => current thread )
  0x0000029c25ed8510 JavaThread "main"                              [_thread_in_Java, id=99416, stack(0x000000e516900000,0x000000e516a00000) (1024K)]
  0x0000029c25e4ed90 JavaThread "Reference Handler"          daemon [_thread_blocked, id=223544, stack(0x000000e516d00000,0x000000e516e00000) (1024K)]
  0x0000029c25e4fe50 JavaThread "Finalizer"                  daemon [_thread_blocked, id=205412, stack(0x000000e516e00000,0x000000e516f00000) (1024K)]
  0x0000029c25e50f10 JavaThread "Signal Dispatcher"          daemon [_thread_blocked, id=8040, stack(0x000000e516f00000,0x000000e517000000) (1024K)]
  0x0000029c25e520a0 JavaThread "Attach Listener"            daemon [_thread_blocked, id=209084, stack(0x000000e517000000,0x000000e517100000) (1024K)]
  0x0000029c25e53e60 JavaThread "Service Thread"             daemon [_thread_blocked, id=188588, stack(0x000000e517100000,0x000000e517200000) (1024K)]
  0x0000029c25e54ab0 JavaThread "Monitor Deflation Thread"   daemon [_thread_blocked, id=201908, stack(0x000000e517200000,0x000000e517300000) (1024K)]
  0x0000029c25e55a30 JavaThread "C2 CompilerThread0"         daemon [_thread_in_native, id=80980, stack(0x000000e517300000,0x000000e517400000) (1024K)]
  0x0000029c25e85990 JavaThread "C1 CompilerThread0"         daemon [_thread_in_native, id=183504, stack(0x000000e517400000,0x000000e517500000) (1024K)]
  0x0000029c7f3da760 JavaThread "Common-Cleaner"             daemon [_thread_blocked, id=222652, stack(0x000000e517500000,0x000000e517600000) (1024K)]
  0x0000029c7f42b680 JavaThread "C2 CompilerThread1"         daemon [_thread_in_native, id=89980, stack(0x000000e517600000,0x000000e517700000) (1024K)]
  0x0000029c7f512970 JavaThread "Notification Thread"        daemon [_thread_blocked, id=52276, stack(0x000000e517700000,0x000000e517800000) (1024K)]
=>0x0000029c7f53d030 JavaThread "C2 CompilerThread2"         daemon [_thread_in_native, id=105396, stack(0x000000e517800000,0x000000e517900000) (1024K)]
Total: 13

Other Threads:
  0x0000029c25e2d410 VMThread "VM Thread"                           [id=45100, stack(0x000000e516c00000,0x000000e516d00000) (1024K)]
  0x0000029c25d217b0 WatcherThread "VM Periodic Task Thread"        [id=120200, stack(0x000000e516b00000,0x000000e516c00000) (1024K)]
  0x0000029c25ef6730 WorkerThread "GC Thread#0"                     [id=57584, stack(0x000000e516a00000,0x000000e516b00000) (1024K)]
Total: 3

Threads with active compile tasks:
C2 CompilerThread0  580  687       4       java.math.BigInteger::implMulAdd (81 bytes)
C1 CompilerThread0  580  728       3       sun.security.provider.ByteArrayAccess::b2iBig64 (231 bytes)
C2 CompilerThread1  580  715       4       java.util.Collections$UnmodifiableCollection::iterator (9 bytes)
C2 CompilerThread2  580  669       4       lombok.patcher.scripts.MethodLevelPatchScript::patch (21 bytes)
Total: 4

VM state: not at safepoint (normal execution)

VM Mutex/Monitor currently owned by a thread: None

Heap address: 0x0000000080000000, size: 2048 MB, Compressed Oops mode: 32-bit

CDS archive(s) mapped at: [0x0000029c3d000000-0x0000029c3dba0000-0x0000029c3dba0000), size 12189696, SharedBaseAddress: 0x0000029c3d000000, ArchiveRelocationMode: 1.
Compressed class space mapped at: 0x0000029c3e000000-0x0000029c7e000000, reserved size: 1073741824
Narrow klass base: 0x0000029c3d000000, Narrow klass shift: 0, Narrow klass range: 0x100000000

GC Precious Log:
 CardTable entry size: 512
 CPUs: 8 total, 8 available
 Memory: 16183M
 Large Page Support: Disabled
 NUMA Support: Disabled
 Compressed Oops: Enabled (32-bit)
 Alignments: Space 512K, Generation 512K, Heap 2M
 Heap Min Capacity: 100M
 Heap Initial Capacity: 100M
 Heap Max Capacity: 2G
 Pre-touch: Disabled
 Parallel Workers: 8

Heap:
 PSYoungGen      total 29696K, used 15266K [0x00000000d5580000, 0x00000000d7680000, 0x0000000100000000)
  eden space 25600K, 59% used [0x00000000d5580000,0x00000000d64688e0,0x00000000d6e80000)
  from space 4096K, 0% used [0x00000000d7280000,0x00000000d7280000,0x00000000d7680000)
  to   space 4096K, 0% used [0x00000000d6e80000,0x00000000d6e80000,0x00000000d7280000)
 ParOldGen       total 68608K, used 0K [0x0000000080000000, 0x0000000084300000, 0x00000000d5580000)
  object space 68608K, 0% used [0x0000000080000000,0x0000000080000000,0x0000000084300000)
 Metaspace       used 2905K, committed 3072K, reserved 1114112K
  class space    used 304K, committed 384K, reserved 1048576K

Card table byte_map: [0x0000029c25890000,0x0000029c25ca0000] _byte_map_base: 0x0000029c25490000

Marking Bits: (ParMarkBitMap*) 0x00007ff98d772460
 Begin Bits: [0x0000029c383a0000, 0x0000029c3a3a0000)
 End Bits:   [0x0000029c3a3a0000, 0x0000029c3c3a0000)

Polling page: 0x0000029c23e00000

Metaspace:

Usage:
  Non-class:      2.54 MB used.
      Class:    304.18 KB used.
       Both:      2.84 MB used.

Virtual space:
  Non-class space:       64.00 MB reserved,       2.62 MB (  4%) committed,  1 nodes.
      Class space:        1.00 GB reserved,     384.00 KB ( <1%) committed,  1 nodes.
             Both:        1.06 GB reserved,       3.00 MB ( <1%) committed. 

Chunk freelists:
   Non-Class:  11.65 MB
       Class:  15.67 MB
        Both:  27.32 MB

MaxMetaspaceSize: unlimited
CompressedClassSpaceSize: 1.00 GB
Initial GC threshold: 21.00 MB
Current GC threshold: 21.00 MB
CDS: on
 - commit_granule_bytes: 65536.
 - commit_granule_words: 8192.
 - virtual_space_node_default_size: 8388608.
 - enlarge_chunks_in_place: 1.
 - use_allocation_guard: 0.


Internal statistics:

num_allocs_failed_limit: 0.
num_arena_births: 82.
num_arena_deaths: 0.
num_vsnodes_births: 2.
num_vsnodes_deaths: 0.
num_space_committed: 48.
num_space_uncommitted: 0.
num_chunks_returned_to_freelist: 0.
num_chunks_taken_from_freelist: 104.
num_chunk_merges: 0.
num_chunk_splits: 73.
num_chunks_enlarged: 47.
num_inconsistent_stats: 0.

CodeHeap 'non-profiled nmethods': size=120000Kb used=280Kb max_used=280Kb free=119720Kb
 bounds [0x0000029c30bc0000, 0x0000029c30e30000, 0x0000029c380f0000]
CodeHeap 'profiled nmethods': size=120000Kb used=1061Kb max_used=1061Kb free=118938Kb
 bounds [0x0000029c290f0000, 0x0000029c29360000, 0x0000029c30620000]
CodeHeap 'non-nmethods': size=5760Kb used=1196Kb max_used=1213Kb free=4563Kb
 bounds [0x0000029c30620000, 0x0000029c30890000, 0x0000029c30bc0000]
CodeCache: size=245760Kb, used=2537Kb, max_used=2554Kb, free=243221Kb
 total_blobs=1167, nmethods=721, adapters=353, full_count=0
Compilation: enabled, stopped_count=0, restarted_count=0

Compilation events (20 events):
Event: 0.528 Thread 0x0000029c25e85990 nmethod 667 0x0000029c291e5e90 code [0x0000029c291e6040, 0x0000029c291e6290]
Event: 0.529 Thread 0x0000029c7f53d030  669       4       lombok.patcher.scripts.MethodLevelPatchScript::patch (21 bytes)
Event: 0.531 Thread 0x0000029c25e85990  670       3       sun.invoke.util.Wrapper::forPrimitiveType (122 bytes)
Event: 0.531 Thread 0x0000029c25e85990 nmethod 670 0x0000029c291e6390 code [0x0000029c291e6660, 0x0000029c291e7140]
Event: 0.531 Thread 0x0000029c25e85990  672       3       java.lang.Integer::rotateRight (9 bytes)
Event: 0.531 Thread 0x0000029c25e55a30  674       4       java.lang.AbstractStringBuilder::isLatin1 (19 bytes)
Event: 0.531 Thread 0x0000029c25e85990 nmethod 672 0x0000029c291e7410 code [0x0000029c291e75a0, 0x0000029c291e76a0]
Event: 0.531 Thread 0x0000029c25e55a30 nmethod 674 0x0000029c30bfff90 code [0x0000029c30c00120, 0x0000029c30c001d0]
Event: 0.537 Thread 0x0000029c25e55a30  675       4       java.util.concurrent.ConcurrentHashMap::get (162 bytes)
Event: 0.539 Thread 0x0000029c25e85990  676       3       java.lang.invoke.MethodType::erase (8 bytes)
Event: 0.539 Thread 0x0000029c25e85990 nmethod 676 0x0000029c291e7710 code [0x0000029c291e78a0, 0x0000029c291e79d0]
Event: 0.539 Thread 0x0000029c25e85990  677       3       java.lang.invoke.MemberName::getModifiers (8 bytes)
Event: 0.539 Thread 0x0000029c25e85990 nmethod 677 0x0000029c291e7a90 code [0x0000029c291e7c20, 0x0000029c291e7d30]
Event: 0.540 Thread 0x0000029c25e55a30 nmethod 675 0x0000029c30c00290 code [0x0000029c30c00440, 0x0000029c30c00770]
Event: 0.541 Thread 0x0000029c25e85990  678       3       java.lang.StringUTF16::putChar (54 bytes)
Event: 0.541 Thread 0x0000029c25e85990 nmethod 678 0x0000029c291e7d90 code [0x0000029c291e7f40, 0x0000029c291e8090]
Event: 0.541 Thread 0x0000029c25e55a30  679       4       java.lang.StringUTF16::putChar (54 bytes)
Event: 0.542 Thread 0x0000029c25e55a30 nmethod 679 0x0000029c30c00a10 code [0x0000029c30c00ba0, 0x0000029c30c00c98]
Event: 0.545 Thread 0x0000029c25e55a30  680       4       java.lang.Integer::rotateRight (9 bytes)
Event: 0.545 Thread 0x0000029c25e55a30 nmethod 680 0x0000029c30c00d90 code [0x0000029c30c00f00, 0x0000029c30c00f70]

GC Heap History (0 events):
No events

Dll operation events (8 events):
Event: 0.014 Loaded shared library c:\Users\YNC10\.vscode\extensions\redhat.java-1.50.0-win32-x64\jre\21.0.9-win32-x86_64\bin\java.dll
Event: 0.042 Loaded shared library c:\Users\YNC10\.vscode\extensions\redhat.java-1.50.0-win32-x64\jre\21.0.9-win32-x86_64\bin\zip.dll
Event: 0.112 Loaded shared library C:\Users\YNC10\.vscode\extensions\redhat.java-1.50.0-win32-x64\jre\21.0.9-win32-x86_64\bin\instrument.dll
Event: 0.117 Loaded shared library C:\Users\YNC10\.vscode\extensions\redhat.java-1.50.0-win32-x64\jre\21.0.9-win32-x86_64\bin\net.dll
Event: 0.121 Loaded shared library C:\Users\YNC10\.vscode\extensions\redhat.java-1.50.0-win32-x64\jre\21.0.9-win32-x86_64\bin\nio.dll
Event: 0.125 Loaded shared library C:\Users\YNC10\.vscode\extensions\redhat.java-1.50.0-win32-x64\jre\21.0.9-win32-x86_64\bin\zip.dll
Event: 0.144 Loaded shared library C:\Users\YNC10\.vscode\extensions\redhat.java-1.50.0-win32-x64\jre\21.0.9-win32-x86_64\bin\jimage.dll
Event: 0.228 Loaded shared library c:\Users\YNC10\.vscode\extensions\redhat.java-1.50.0-win32-x64\jre\21.0.9-win32-x86_64\bin\verify.dll

Deoptimization events (20 events):
Event: 0.391 Thread 0x0000029c25ed8510 DEOPT PACKING pc=0x0000029c291352d8 sp=0x000000e5169fa930
Event: 0.391 Thread 0x0000029c25ed8510 DEOPT UNPACKING pc=0x0000029c306778e2 sp=0x000000e5169f9df0 mode 0
Event: 0.392 Thread 0x0000029c25ed8510 DEOPT PACKING pc=0x0000029c291352d8 sp=0x000000e5169fa610
Event: 0.392 Thread 0x0000029c25ed8510 DEOPT UNPACKING pc=0x0000029c306778e2 sp=0x000000e5169f9ad0 mode 0
Event: 0.393 Thread 0x0000029c25ed8510 DEOPT PACKING pc=0x0000029c291352d8 sp=0x000000e5169fa610
Event: 0.393 Thread 0x0000029c25ed8510 DEOPT UNPACKING pc=0x0000029c306778e2 sp=0x000000e5169f9ad0 mode 0
Event: 0.393 Thread 0x0000029c25ed8510 DEOPT PACKING pc=0x0000029c291351ff sp=0x000000e5169fba30
Event: 0.393 Thread 0x0000029c25ed8510 DEOPT UNPACKING pc=0x0000029c306778e2 sp=0x000000e5169faee0 mode 0
Event: 0.478 Thread 0x0000029c25ed8510 Uncommon trap: trap_request=0xffffff45 fr.pc=0x0000029c30bf576c relative=0x000000000000014c
Event: 0.478 Thread 0x0000029c25ed8510 Uncommon trap: reason=unstable_if action=reinterpret pc=0x0000029c30bf576c method=jdk.internal.util.ArraysSupport.vectorizedHashCode(Ljava/lang/Object;IIII)I @ 2 c2
Event: 0.478 Thread 0x0000029c25ed8510 DEOPT PACKING pc=0x0000029c30bf576c sp=0x000000e5169fccb0
Event: 0.478 Thread 0x0000029c25ed8510 DEOPT UNPACKING pc=0x0000029c30676da2 sp=0x000000e5169fcc60 mode 2
Event: 0.485 Thread 0x0000029c25ed8510 Uncommon trap: trap_request=0xffffff45 fr.pc=0x0000029c30be2bf4 relative=0x00000000000000d4
Event: 0.485 Thread 0x0000029c25ed8510 Uncommon trap: reason=unstable_if action=reinterpret pc=0x0000029c30be2bf4 method=java.net.URI.match(CJJ)Z @ 45 c2
Event: 0.485 Thread 0x0000029c25ed8510 DEOPT PACKING pc=0x0000029c30be2bf4 sp=0x000000e5169fce30
Event: 0.485 Thread 0x0000029c25ed8510 DEOPT UNPACKING pc=0x0000029c30676da2 sp=0x000000e5169fcd98 mode 2
Event: 0.541 Thread 0x0000029c25ed8510 Uncommon trap: trap_request=0xffffff45 fr.pc=0x0000029c30be111c relative=0x000000000000017c
Event: 0.541 Thread 0x0000029c25ed8510 Uncommon trap: reason=unstable_if action=reinterpret pc=0x0000029c30be111c method=java.lang.StringUTF16.compress([CI[BII)I @ 20 c2
Event: 0.541 Thread 0x0000029c25ed8510 DEOPT PACKING pc=0x0000029c30be111c sp=0x000000e5169fbaa0
Event: 0.541 Thread 0x0000029c25ed8510 DEOPT UNPACKING pc=0x0000029c30676da2 sp=0x000000e5169fba10 mode 2

Classes loaded (20 events):
Event: 0.542 Loading class java/security/interfaces/RSAPrivateKey done
Event: 0.542 Loading class sun/security/rsa/RSASignature$SHA256withRSA
Event: 0.542 Loading class sun/security/rsa/RSASignature
Event: 0.543 Loading class sun/security/rsa/RSASignature done
Event: 0.543 Loading class sun/security/rsa/RSASignature$SHA256withRSA done
Event: 0.543 Loading class sun/security/rsa/RSAPrivateKeyImpl
Event: 0.543 Loading class sun/security/pkcs/PKCS8Key
Event: 0.543 Loading class sun/security/util/InternalPrivateKey
Event: 0.543 Loading class sun/security/util/InternalPrivateKey done
Event: 0.543 Loading class sun/security/pkcs/PKCS8Key done
Event: 0.543 Loading class sun/security/rsa/RSAPrivateKeyImpl done
Event: 0.543 Loading class sun/security/rsa/RSAPrivateCrtKeyImpl
Event: 0.543 Loading class java/security/interfaces/RSAPrivateCrtKey
Event: 0.543 Loading class java/security/interfaces/RSAPrivateCrtKey done
Event: 0.543 Loading class sun/security/rsa/RSAPrivateCrtKeyImpl done
Event: 0.543 Loading class sun/security/rsa/RSACore
Event: 0.544 Loading class sun/security/rsa/RSACore done
Event: 0.544 Loading class sun/security/rsa/RSAPadding
Event: 0.544 Loading class sun/security/rsa/RSAPadding done
Event: 0.545 Loading class java/math/MutableBigInteger

Classes unloaded (0 events):
No events

Classes redefined (0 events):
No events

Internal exceptions (12 events):
Event: 0.084 Thread 0x0000029c25ed8510 Exception <a 'java/lang/NoSuchMethodError'{0x00000000d57e4308}: 'void java.lang.invoke.DirectMethodHandle$Holder.invokeStatic(java.lang.Object, java.lang.Object, java.lang.Object)'> (0x00000000d57e4308) 
thrown [s\src\hotspot\share\interpreter\linkResolver.cpp, line 773]
Event: 0.136 Thread 0x0000029c25ed8510 Exception <a 'java/lang/NoSuchMethodError'{0x00000000d58cdb20}: 'java.lang.Object java.lang.invoke.Invokers$Holder.invokeExact_MT(java.lang.Object, java.lang.Object, java.lang.Object, java.lang.Object, java.lang.Object)'> (0x00000000d58cdb20) 
thrown [s\src\hotspot\share\interpreter\linkResolver.cpp, line 773]
Event: 0.182 Thread 0x0000029c25ed8510 Exception <a 'java/lang/NoSuchMethodError'{0x00000000d5a05948}: 'int java.lang.invoke.DirectMethodHandle$Holder.invokeSpecial(java.lang.Object, java.lang.Object, java.lang.Object, int)'> (0x00000000d5a05948) 
thrown [s\src\hotspot\share\interpreter\linkResolver.cpp, line 773]
Event: 0.184 Thread 0x0000029c25ed8510 Exception <a 'java/lang/NoSuchMethodError'{0x00000000d5a18330}: 'java.lang.Object java.lang.invoke.DirectMethodHandle$Holder.invokeStatic(java.lang.Object, java.lang.Object, java.lang.Object, java.lang.Object, int)'> (0x00000000d5a18330) 
thrown [s\src\hotspot\share\interpreter\linkResolver.cpp, line 773]
Event: 0.186 Thread 0x0000029c25ed8510 Exception <a 'java/lang/NoSuchMethodError'{0x00000000d5a23770}: 'void java.lang.invoke.DelegatingMethodHandle$Holder.reinvoke_L(java.lang.Object, java.lang.Object, java.lang.Object, int, java.lang.Object)'> (0x00000000d5a23770) 
thrown [s\src\hotspot\share\interpreter\linkResolver.cpp, line 773]
Event: 0.186 Thread 0x0000029c25ed8510 Exception <a 'java/lang/NoSuchMethodError'{0x00000000d5a271a8}: 'int java.lang.invoke.DirectMethodHandle$Holder.invokeSpecial(java.lang.Object, java.lang.Object, java.lang.Object)'> (0x00000000d5a271a8) 
thrown [s\src\hotspot\share\interpreter\linkResolver.cpp, line 773]
Event: 0.189 Thread 0x0000029c25ed8510 Exception <a 'java/lang/NoSuchMethodError'{0x00000000d5a3fe98}: 'java.lang.Object java.lang.invoke.DirectMethodHandle$Holder.invokeStatic(java.lang.Object, java.lang.Object, int)'> (0x00000000d5a3fe98) 
thrown [s\src\hotspot\share\interpreter\linkResolver.cpp, line 773]
Event: 0.190 Thread 0x0000029c25ed8510 Exception <a 'java/lang/NoSuchMethodError'{0x00000000d5a447e8}: 'void java.lang.invoke.DirectMethodHandle$Holder.invokeStatic(java.lang.Object, java.lang.Object, int, java.lang.Object)'> (0x00000000d5a447e8) 
thrown [s\src\hotspot\share\interpreter\linkResolver.cpp, line 773]
Event: 0.190 Thread 0x0000029c25ed8510 Exception <a 'java/lang/NoSuchMethodError'{0x00000000d5a48378}: 'void java.lang.invoke.DirectMethodHandle$Holder.invokeSpecial(java.lang.Object, java.lang.Object, java.lang.Object, int, java.lang.Object)'> (0x00000000d5a48378) 
thrown [s\src\hotspot\share\interpreter\linkResolver.cpp, line 773]
Event: 0.190 Thread 0x0000029c25ed8510 Exception <a 'java/lang/NoSuchMethodError'{0x00000000d5a4b7e8}: 'void java.lang.invoke.DelegatingMethodHandle$Holder.delegate(java.lang.Object, java.lang.Object, int, java.lang.Object)'> (0x00000000d5a4b7e8) 
thrown [s\src\hotspot\share\interpreter\linkResolver.cpp, line 773]
Event: 0.283 Thread 0x0000029c25ed8510 Exception <a 'java/lang/NoSuchMethodError'{0x00000000d5c0b400}: 'void java.lang.invoke.DelegatingMethodHandle$Holder.reinvoke_L(java.lang.Object, java.lang.Object, java.lang.Object, int)'> (0x00000000d5c0b400) 
thrown [s\src\hotspot\share\interpreter\linkResolver.cpp, line 773]
Event: 0.472 Thread 0x0000029c25ed8510 Exception <a 'java/lang/NoSuchMethodError'{0x00000000d6092508}: 'void java.lang.invoke.DirectMethodHandle$Holder.invokeVirtual(java.lang.Object, java.lang.Object)'> (0x00000000d6092508) 
thrown [s\src\hotspot\share\interpreter\linkResolver.cpp, line 773]

ZGC Phase Switch (0 events):
No events

VM Operations (4 events):
Event: 0.086 Executing VM operation: HandshakeAllThreads (Deoptimize)
Event: 0.086 Executing VM operation: HandshakeAllThreads (Deoptimize) done
Event: 0.154 Executing VM operation: HandshakeAllThreads (Deoptimize)
Event: 0.154 Executing VM operation: HandshakeAllThreads (Deoptimize) done

Memory protections (0 events):
No events

Nmethod flushes (0 events):
No events

Events (13 events):
Event: 0.029 Thread 0x0000029c25ed8510 Thread added: 0x0000029c25ed8510
Event: 0.054 Thread 0x0000029c25ed8510 Thread added: 0x0000029c25e4ed90
Event: 0.055 Thread 0x0000029c25ed8510 Thread added: 0x0000029c25e4fe50
Event: 0.055 Thread 0x0000029c25ed8510 Thread added: 0x0000029c25e50f10
Event: 0.055 Thread 0x0000029c25ed8510 Thread added: 0x0000029c25e520a0
Event: 0.055 Thread 0x0000029c25ed8510 Thread added: 0x0000029c25e53e60
Event: 0.055 Thread 0x0000029c25ed8510 Thread added: 0x0000029c25e54ab0
Event: 0.055 Thread 0x0000029c25ed8510 Thread added: 0x0000029c25e55a30
Event: 0.056 Thread 0x0000029c25ed8510 Thread added: 0x0000029c25e85990
Event: 0.113 Thread 0x0000029c25ed8510 Thread added: 0x0000029c7f3da760
Event: 0.221 Thread 0x0000029c25e55a30 Thread added: 0x0000029c7f42b680
Event: 0.383 Thread 0x0000029c25ed8510 Thread added: 0x0000029c7f512970
Event: 0.501 Thread 0x0000029c25e85990 Thread added: 0x0000029c7f53d030


Dynamic libraries:
0x00007ff6ce820000 - 0x00007ff6ce82e000 	c:\Users\YNC10\.vscode\extensions\redhat.java-1.50.0-win32-x64\jre\21.0.9-win32-x86_64\bin\java.exe
0x00007ffa41790000 - 0x00007ffa41988000 	C:\WINDOWS\SYSTEM32\ntdll.dll
0x00007ffa3fad0000 - 0x00007ffa3fb8f000 	C:\WINDOWS\System32\KERNEL32.DLL
0x00007ffa3f4c0000 - 0x00007ffa3f7b6000 	C:\WINDOWS\System32\KERNELBASE.dll
0x00007ffa3f3c0000 - 0x00007ffa3f4c0000 	C:\WINDOWS\System32\ucrtbase.dll
0x00007ffa2aae0000 - 0x00007ffa2aaf8000 	c:\Users\YNC10\.vscode\extensions\redhat.java-1.50.0-win32-x64\jre\21.0.9-win32-x86_64\bin\jli.dll
0x00007ffa3fdf0000 - 0x00007ffa3ff8d000 	C:\WINDOWS\System32\USER32.dll
0x00007ffa3f070000 - 0x00007ffa3f092000 	C:\WINDOWS\System32\win32u.dll
0x00007ffa3faa0000 - 0x00007ffa3facc000 	C:\WINDOWS\System32\GDI32.dll
0x00007ffa3f140000 - 0x00007ffa3f255000 	C:\WINDOWS\System32\gdi32full.dll
0x00007ffa3f0a0000 - 0x00007ffa3f13d000 	C:\WINDOWS\System32\msvcp_win.dll
0x00007ffa26760000 - 0x00007ffa2677e000 	c:\Users\YNC10\.vscode\extensions\redhat.java-1.50.0-win32-x64\jre\21.0.9-win32-x86_64\bin\VCRUNTIME140.dll
0x00007ffa3e360000 - 0x00007ffa3e5fa000 	C:\WINDOWS\WinSxS\amd64_microsoft.windows.common-controls_6595b64144ccf1df_6.0.19041.1110_none_60b5254171f9507e\COMCTL32.dll
0x00007ffa3fbb0000 - 0x00007ffa3fc4e000 	C:\WINDOWS\System32\msvcrt.dll
0x00007ffa403a0000 - 0x00007ffa403d0000 	C:\WINDOWS\System32\IMM32.DLL
0x00007ffa38b40000 - 0x00007ffa38b4c000 	c:\Users\YNC10\.vscode\extensions\redhat.java-1.50.0-win32-x64\jre\21.0.9-win32-x86_64\bin\vcruntime140_1.dll
0x00007ff9f86d0000 - 0x00007ff9f875d000 	c:\Users\YNC10\.vscode\extensions\redhat.java-1.50.0-win32-x64\jre\21.0.9-win32-x86_64\bin\msvcp140.dll
0x00007ff98cab0000 - 0x00007ff98d850000 	c:\Users\YNC10\.vscode\extensions\redhat.java-1.50.0-win32-x64\jre\21.0.9-win32-x86_64\bin\server\jvm.dll
0x00007ffa41340000 - 0x00007ffa413ef000 	C:\WINDOWS\System32\ADVAPI32.dll
0x00007ffa3fd50000 - 0x00007ffa3fdec000 	C:\WINDOWS\System32\sechost.dll
0x00007ffa3f910000 - 0x00007ffa3fa36000 	C:\WINDOWS\System32\RPCRT4.dll
0x00007ffa404f0000 - 0x00007ffa4055b000 	C:\WINDOWS\System32\WS2_32.dll
0x00007ffa3ea90000 - 0x00007ffa3eadb000 	C:\WINDOWS\SYSTEM32\POWRPROF.dll
0x00007ffa27b30000 - 0x00007ffa27b57000 	C:\WINDOWS\SYSTEM32\WINMM.dll
0x00007ffa36960000 - 0x00007ffa3696a000 	C:\WINDOWS\SYSTEM32\VERSION.dll
0x00007ffa3e7c0000 - 0x00007ffa3e7d2000 	C:\WINDOWS\SYSTEM32\UMPDC.dll
0x00007ffa3c850000 - 0x00007ffa3c862000 	C:\WINDOWS\SYSTEM32\kernel.appcore.dll
0x00007ffa38000000 - 0x00007ffa3800a000 	c:\Users\YNC10\.vscode\extensions\redhat.java-1.50.0-win32-x64\jre\21.0.9-win32-x86_64\bin\jimage.dll
0x00007ffa3e8a0000 - 0x00007ffa3ea84000 	C:\WINDOWS\SYSTEM32\DBGHELP.DLL
0x00007ffa3e7e0000 - 0x00007ffa3e814000 	C:\WINDOWS\SYSTEM32\dbgcore.DLL
0x00007ffa3eee0000 - 0x00007ffa3ef62000 	C:\WINDOWS\System32\bcryptPrimitives.dll
0x00007ffa367e0000 - 0x00007ffa367ef000 	c:\Users\YNC10\.vscode\extensions\redhat.java-1.50.0-win32-x64\jre\21.0.9-win32-x86_64\bin\instrument.dll
0x00007ffa19b40000 - 0x00007ffa19b60000 	c:\Users\YNC10\.vscode\extensions\redhat.java-1.50.0-win32-x64\jre\21.0.9-win32-x86_64\bin\java.dll
0x00007ffa40a60000 - 0x00007ffa411a4000 	C:\WINDOWS\System32\SHELL32.dll
0x00007ffa3cfd0000 - 0x00007ffa3d763000 	C:\WINDOWS\SYSTEM32\windows.storage.dll
0x00007ffa3ff90000 - 0x00007ffa402e4000 	C:\WINDOWS\System32\combase.dll
0x00007ffa3e1d0000 - 0x00007ffa3e1fe000 	C:\WINDOWS\SYSTEM32\Wldp.dll
0x00007ffa402f0000 - 0x00007ffa4039d000 	C:\WINDOWS\System32\SHCORE.dll
0x00007ffa3fa40000 - 0x00007ffa3fa95000 	C:\WINDOWS\System32\shlwapi.dll
0x00007ffa3edb0000 - 0x00007ffa3edcf000 	C:\WINDOWS\SYSTEM32\profapi.dll
0x00007ffa11a50000 - 0x00007ffa11a68000 	c:\Users\YNC10\.vscode\extensions\redhat.java-1.50.0-win32-x64\jre\21.0.9-win32-x86_64\bin\zip.dll
0x00007ffa2fdf0000 - 0x00007ffa2fe00000 	C:\Users\YNC10\.vscode\extensions\redhat.java-1.50.0-win32-x64\jre\21.0.9-win32-x86_64\bin\net.dll
0x00007ffa39660000 - 0x00007ffa3976a000 	C:\WINDOWS\SYSTEM32\WINHTTP.dll
0x00007ffa3df30000 - 0x00007ffa3df9a000 	C:\WINDOWS\system32\mswsock.dll
0x00007ffa2bac0000 - 0x00007ffa2bad6000 	C:\Users\YNC10\.vscode\extensions\redhat.java-1.50.0-win32-x64\jre\21.0.9-win32-x86_64\bin\nio.dll
0x00007ffa2bd10000 - 0x00007ffa2bd20000 	c:\Users\YNC10\.vscode\extensions\redhat.java-1.50.0-win32-x64\jre\21.0.9-win32-x86_64\bin\verify.dll

JVMTI agents:
c:\Users\YNC10\.vscode\extensions\redhat.java-1.50.0-win32-x64\lombok\lombok-1.18.39-4050.jar path:c:\Users\YNC10\.vscode\extensions\redhat.java-1.50.0-win32-x64\jre\21.0.9-win32-x86_64\bin\instrument.dll, loaded, initialized, instrumentlib options:none

dbghelp: loaded successfully - version: 4.0.5 - missing functions: none
symbol engine: initialized successfully - sym options: 0x614 - pdb path: .;c:\Users\YNC10\.vscode\extensions\redhat.java-1.50.0-win32-x64\jre\21.0.9-win32-x86_64\bin;C:\WINDOWS\SYSTEM32;C:\WINDOWS\WinSxS\amd64_microsoft.windows.common-controls_6595b64144ccf1df_6.0.19041.1110_none_60b5254171f9507e;c:\Users\YNC10\.vscode\extensions\redhat.java-1.50.0-win32-x64\jre\21.0.9-win32-x86_64\bin\server

VM Arguments:
jvm_args: -Djava.net.preferIPv4Stack=true --add-modules=ALL-SYSTEM --add-opens=java.base/java.util=ALL-UNNAMED --add-opens=java.base/java.lang=ALL-UNNAMED --add-opens=java.base/sun.nio.fs=ALL-UNNAMED -Declipse.application=org.eclipse.jdt.ls.core.id1 -Dosgi.bundles.defaultStartLevel=4 -Declipse.product=org.eclipse.jdt.ls.core.product -Djava.import.generatesMetadataFilesAtProjectRoot=false -DDetectVMInstallationsJob.disabled=true -Dfile.encoding=utf8 -XX:+UseParallelGC -XX:GCTimeRatio=4 -XX:AdaptiveSizePolicyWeight=90 -Dsun.zip.disableMemoryMapping=true -Xmx2G -Xms100m -Xlog:disable -javaagent:c:\Users\YNC10\.vscode\extensions\redhat.java-1.50.0-win32-x64\lombok\lombok-1.18.39-4050.jar -XX:+HeapDumpOnOutOfMemoryError -XX:HeapDumpPath=c:\Users\YNC10\AppData\Roaming\Code\User\workspaceStorage\3d0d5f10d355c0388c649a7a5353bc32\redhat.java -Daether.dependencyCollector.impl=bf 
java_command: c:\Users\YNC10\.vscode\extensions\redhat.java-1.50.0-win32-x64\server\plugins\org.eclipse.equinox.launcher_1.7.100.v20251111-0406.jar -configuration c:\Users\YNC10\AppData\Roaming\Code\User\globalStorage\redhat.java\1.50.0\config_win -data c:\Users\YNC10\AppData\Roaming\Code\User\workspaceStorage\3d0d5f10d355c0388c649a7a5353bc32\redhat.java\jdt_ws --pipe=\\.\pipe\lsp-919243f788c3cd10ea84dfd92fff9aa9-sock
java_class_path (initial): c:\Users\YNC10\.vscode\extensions\redhat.java-1.50.0-win32-x64\server\plugins\org.eclipse.equinox.launcher_1.7.100.v20251111-0406.jar
Launcher Type: SUN_STANDARD

[Global flags]
    uintx AdaptiveSizePolicyWeight                 = 90                                        {product} {command line}
     intx CICompilerCount                          = 4                                         {product} {ergonomic}
    uintx GCTimeRatio                              = 4                                         {product} {command line}
     bool HeapDumpOnOutOfMemoryError               = true                                   {manageable} {command line}
    ccstr HeapDumpPath                             = c:\Users\YNC10\AppData\Roaming\Code\User\workspaceStorage\3d0d5f10d355c0388c649a7a5353bc32\redhat.java         {manageable} {command line}
   size_t InitialHeapSize                          = 104857600                                 {product} {command line}
   size_t MaxHeapSize                              = 2147483648                                {product} {command line}
   size_t MaxNewSize                               = 715653120                                 {product} {ergonomic}
   size_t MinHeapDeltaBytes                        = 524288                                    {product} {ergonomic}
   size_t MinHeapSize                              = 104857600                                 {product} {command line}
   size_t NewSize                                  = 34603008                                  {product} {ergonomic}
    uintx NonNMethodCodeHeapSize                   = 5839372                                {pd product} {ergonomic}
    uintx NonProfiledCodeHeapSize                  = 122909434                              {pd product} {ergonomic}
   size_t OldSize                                  = 70254592                                  {product} {ergonomic}
    uintx ProfiledCodeHeapSize                     = 122909434                              {pd product} {ergonomic}
    uintx ReservedCodeCacheSize                    = 251658240                              {pd product} {ergonomic}
     bool SegmentedCodeCache                       = true                                      {product} {ergonomic}
   size_t SoftMaxHeapSize                          = 2147483648                             {manageable} {ergonomic}
     bool UseCompressedOops                        = true                           {product lp64_product} {ergonomic}
     bool UseLargePagesIndividualAllocation        = false                                  {pd product} {ergonomic}
     bool UseParallelGC                            = true                                      {product} {command line}

Logging:
Log output configuration:
 #0: stdout all=off uptime,level,tags foldmultilines=false
 #1: stderr all=off uptime,level,tags foldmultilines=false

Release file:
JAVA_VERSION="21.0.9" 
MODULES="java.base java.compiler java.datatransfer java.xml java.prefs java.desktop java.instrument java.logging java.management java.security.sasl java.naming java.rmi java.management.rmi java.net.http java.scripting java.security.jgss java.transaction.xa java.sql java.sql.rowset java.xml.crypto java.se java.smartcardio jdk.accessibility jdk.internal.jvmstat jdk.attach jdk.charsets jdk.internal.opt jdk.zipfs jdk.compiler jdk.crypto.ec jdk.crypto.cryptoki jdk.crypto.mscapi jdk.dynalink jdk.internal.ed jdk.editpad jdk.hotspot.agent jdk.httpserver jdk.internal.le jdk.internal.vm.ci jdk.internal.vm.compiler jdk.internal.vm.compiler.management jdk.jartool jdk.javadoc jdk.jcmd jdk.management jdk.management.agent jdk.jconsole jdk.jdeps jdk.jdwp.agent jdk.jdi jdk.jfr jdk.jshell jdk.jsobject jdk.jstatd jdk.localedata jdk.management.jfr jdk.naming.dns jdk.naming.rmi jdk.net jdk.nio.mapmode jdk.random jdk.sctp jdk.security.auth jdk.security.jgss jdk.unsupported jdk.unsupported.desktop jdk.xml.dom" 

Environment Variables:
JAVA_HOME=C:\Program Files\Java\jdk1.8.0_301
JAVA_TOOL_OPTIONS=-Djava.net.preferIPv4Stack=true
PATH=C:\app\YNC10\product\21c\dbhomeXE\bin;C:\Program Files\Common Files\Microsoft Shared\Microsoft Online Services;C:\Program Files (x86)\Common Files\Microsoft Shared\Microsoft Online Services;C:\WINDOWS\system32;C:\WINDOWS;C:\WINDOWS\System32\Wbem;C:\WINDOWS\System32\WindowsPowerShell\v1.0\;C:\WINDOWS\System32\OpenSSH\;C:\WINDOWS\system32\config\systemprofile\.dnx\bin;C:\Program Files\Microsoft DNX\Dnvm\;C:\Program Files\Microsoft SQL Server\130\Tools\Binn\;C:\Program Files\Java\jdk1.8.0_301\bin;C:\Program Files\Java\jdk1.8.0_301;C:\Program Files\TortoiseSVN\bin;C:\Program Files\Git\cmd;C:\Users\YNC10\AppData\Local\Microsoft\WindowsApps;C:\Program Files\Bandizip\;C:\Users\YNC10\AppData\Local\GitHubDesktop\bin;C:\Users\YNC10\AppData\Local\Programs\Microsoft VS Code\bin
USERNAME=YNC10
OS=Windows_NT
PROCESSOR_IDENTIFIER=Intel64 Family 6 Model 140 Stepping 1, GenuineIntel
TMP=C:\Users\YNC10\AppData\Local\Temp
TEMP=C:\Users\YNC10\AppData\Local\Temp




Periodic native trim disabled

---------------  S Y S T E M  ---------------

OS:
 Windows 10 , 64 bit Build 19041 (10.0.19041.2913)
OS uptime: 6 days 4:22 hours

CPU: total 8 (initial active 8) (4 cores per cpu, 2 threads per core) family 6 model 140 stepping 1 microcode 0x6e, cx8, cmov, fxsr, ht, mmx, 3dnowpref, sse, sse2, sse3, ssse3, sse4.1, sse4.2, popcnt, lzcnt, tsc, tscinvbit, avx, avx2, aes, erms, clmul, bmi1, bmi2, adx, avx512f, avx512dq, avx512cd, avx512bw, avx512vl, sha, fma, vzeroupper, avx512_vpopcntdq, avx512_vpclmulqdq, avx512_vaes, avx512_vnni, clflush, clflushopt, clwb, avx512_vbmi2, avx512_vbmi, rdtscp, rdpid, fsrm, gfni, avx512_bitalg, f16c, pku, cet_ibt, cet_ss, avx512_ifma
Processor Information for the first 8 processors :
  Max Mhz: 2803, Current Mhz: 2803, Mhz Limit: 2803

Memory: 4k page, system-wide physical 16183M (2527M free)
TotalPageFile size 24375M (AvailPageFile size 3M)
current process WorkingSet (physical memory assigned to process): 60M, peak: 60M
current process commit charge ("private bytes"): 231M, peak: 231M

vm_info: OpenJDK 64-Bit Server VM (21.0.9+10-LTS) for windows-amd64 JRE (21.0.9+10-LTS), built on 2025-10-21T00:00:00Z by "admin" with unknown MS VC++:1942

END.
